ASSERTION	AAEDAAEBAwAAAAAAAABZQA==
ASSERTION	AAECAAMEAAAAAAAAwFdA
RUN	simulations.ScenarioAssertions	scenarioassertions	1593957846257	 	3.3.1
USER	Fixed Duration Load Simulation	7	START	1593957853668	1593957853668
USER	Fixed Duration Load Simulation	3	START	1593957853666	1593957853666
USER	Fixed Duration Load Simulation	4	START	1593957853682	1593957853682
USER	Fixed Duration Load Simulation	8	START	1593957853670	1593957853670
USER	Fixed Duration Load Simulation	6	START	1593957853672	1593957853672
USER	Fixed Duration Load Simulation	9	START	1593957853673	1593957853673
USER	Fixed Duration Load Simulation	11	START	1593957853681	1593957853681
USER	Fixed Duration Load Simulation	5	START	1593957853667	1593957853667
USER	Fixed Duration Load Simulation	2	START	1593957853666	1593957853666
USER	Fixed Duration Load Simulation	10	START	1593957853680	1593957853680
USER	Fixed Duration Load Simulation	1	START	1593957853667	1593957853667
REQUEST	4		Get all Emp	1593957853763	1593957853860	OK	 
REQUEST	8		Get all Emp	1593957853764	1593957853839	OK	 
REQUEST	7		Get all Emp	1593957853764	1593957853832	OK	 
REQUEST	11		Get all Emp	1593957853764	1593957853835	OK	 
REQUEST	5		Get all Emp	1593957853764	1593957853836	OK	 
REQUEST	1		Get all Emp	1593957853785	1593957853832	OK	 
REQUEST	6		Get all Emp	1593957853764	1593957853835	OK	 
REQUEST	10		Get all Emp	1593957853775	1593957853832	OK	 
REQUEST	3		Get all Emp	1593957853764	1593957853891	OK	 
REQUEST	9		Get all Emp	1593957853764	1593957853894	OK	 
REQUEST	2		Get all Emp	1593957853775	1593957853896	OK	 
USER	Fixed Duration Load Simulation	12	START	1593957854165	1593957854165
REQUEST	12		Get all Emp	1593957854166	1593957854175	OK	 
USER	Fixed Duration Load Simulation	13	START	1593957854665	1593957854665
REQUEST	13		Get all Emp	1593957854665	1593957854675	OK	 
USER	Fixed Duration Load Simulation	14	START	1593957855165	1593957855165
REQUEST	14		Get all Emp	1593957855166	1593957855181	OK	 
USER	Fixed Duration Load Simulation	15	START	1593957855666	1593957855666
REQUEST	15		Get all Emp	1593957855667	1593957855678	OK	 
USER	Fixed Duration Load Simulation	16	START	1593957856667	1593957856667
REQUEST	16		Get all Emp	1593957856668	1593957856681	OK	 
USER	Fixed Duration Load Simulation	17	START	1593957857176	1593957857176
REQUEST	17		Get all Emp	1593957857177	1593957857193	OK	 
USER	Fixed Duration Load Simulation	18	START	1593957857675	1593957857675
REQUEST	18		Get all Emp	1593957857677	1593957857689	OK	 
USER	Fixed Duration Load Simulation	19	START	1593957858177	1593957858177
REQUEST	19		Get all Emp	1593957858178	1593957858201	OK	 
USER	Fixed Duration Load Simulation	20	START	1593957858675	1593957858675
REQUEST	20		Get all Emp	1593957858677	1593957858687	OK	 
REQUEST	8		Get Specific Emp	1593957858868	1593957858888	OK	 
REQUEST	5		Get Specific Emp	1593957858868	1593957858889	OK	 
REQUEST	1		Get Specific Emp	1593957858868	1593957858889	OK	 
REQUEST	11		Get Specific Emp	1593957858868	1593957858891	OK	 
REQUEST	6		Get Specific Emp	1593957858868	1593957858890	OK	 
REQUEST	7		Get Specific Emp	1593957858868	1593957858895	OK	 
REQUEST	10		Get Specific Emp	1593957858877	1593957858896	OK	 
REQUEST	4		Get Specific Emp	1593957858898	1593957858914	OK	 
REQUEST	3		Get Specific Emp	1593957858906	1593957858919	OK	 
REQUEST	9		Get Specific Emp	1593957858916	1593957858925	OK	 
REQUEST	2		Get Specific Emp	1593957858916	1593957858933	OK	 
REQUEST	12		Get Specific Emp	1593957859197	1593957859207	OK	 
USER	Fixed Duration Load Simulation	21	START	1593957859677	1593957859677
REQUEST	21		Get all Emp	1593957859678	1593957859692	OK	 
REQUEST	13		Get Specific Emp	1593957859686	1593957859700	OK	 
USER	Fixed Duration Load Simulation	22	START	1593957860177	1593957860177
REQUEST	22		Get all Emp	1593957860178	1593957860198	OK	 
REQUEST	14		Get Specific Emp	1593957860195	1593957860203	OK	 
USER	Fixed Duration Load Simulation	23	START	1593957860678	1593957860678
REQUEST	23		Get all Emp	1593957860679	1593957860698	OK	 
REQUEST	15		Get Specific Emp	1593957860696	1593957860713	OK	 
USER	Fixed Duration Load Simulation	24	START	1593957861167	1593957861167
REQUEST	24		Get all Emp	1593957861168	1593957861181	OK	 
USER	Fixed Duration Load Simulation	25	START	1593957861667	1593957861667
REQUEST	25		Get all Emp	1593957861668	1593957861678	OK	 
REQUEST	16		Get Specific Emp	1593957861698	1593957861706	OK	 
REQUEST	17		Get Specific Emp	1593957862207	1593957862221	OK	 
USER	Fixed Duration Load Simulation	26	START	1593957862677	1593957862677
REQUEST	26		Get all Emp	1593957862678	1593957862690	OK	 
REQUEST	18		Get Specific Emp	1593957862708	1593957862719	OK	 
USER	Fixed Duration Load Simulation	27	START	1593957863166	1593957863166
REQUEST	27		Get all Emp	1593957863168	1593957863185	OK	 
REQUEST	19		Get Specific Emp	1593957863216	1593957863225	OK	 
USER	Fixed Duration Load Simulation	28	START	1593957863667	1593957863667
REQUEST	28		Get all Emp	1593957863668	1593957863678	OK	 
REQUEST	20		Get Specific Emp	1593957863707	1593957863719	OK	 
REQUEST	10		Get all Emp	1593957863877	1593957863890	OK	 
REQUEST	1		Get all Emp	1593957863877	1593957863890	OK	 
REQUEST	11		Get all Emp	1593957863885	1593957863902	OK	 
REQUEST	7		Get all Emp	1593957863886	1593957863902	OK	 
REQUEST	1		Get all Emp	1593957863891	1593957863904	OK	 
REQUEST	6		Get all Emp	1593957863886	1593957863904	OK	 
REQUEST	5		Get all Emp	1593957863885	1593957863905	OK	 
REQUEST	10		Get all Emp	1593957863891	1593957863905	OK	 
REQUEST	11		Get all Emp	1593957863903	1593957863917	OK	 
REQUEST	8		Get all Emp	1593957863897	1593957863920	OK	 
REQUEST	6		Get all Emp	1593957863905	1593957863920	OK	 
REQUEST	7		Get all Emp	1593957863903	1593957863923	OK	 
REQUEST	4		Get all Emp	1593957863906	1593957863931	OK	 
REQUEST	5		Get all Emp	1593957863906	1593957863932	OK	 
REQUEST	8		Get all Emp	1593957863921	1593957863934	OK	 
REQUEST	4		Get all Emp	1593957863932	1593957863937	OK	 
REQUEST	9		Get all Emp	1593957863929	1593957863941	OK	 
REQUEST	2		Get all Emp	1593957863936	1593957863943	OK	 
REQUEST	3		Get all Emp	1593957863929	1593957863945	OK	 
REQUEST	9		Get all Emp	1593957863941	1593957863951	OK	 
REQUEST	3		Get all Emp	1593957863946	1593957863952	OK	 
REQUEST	2		Get all Emp	1593957863944	1593957863957	OK	 
USER	Fixed Duration Load Simulation	29	START	1593957864177	1593957864177
REQUEST	29		Get all Emp	1593957864178	1593957864195	OK	 
REQUEST	12		Get all Emp	1593957864208	1593957864218	OK	 
REQUEST	12		Get all Emp	1593957864219	1593957864226	OK	 
USER	Fixed Duration Load Simulation	30	START	1593957864677	1593957864677
REQUEST	30		Get all Emp	1593957864678	1593957864687	OK	 
REQUEST	21		Get Specific Emp	1593957864705	1593957864712	OK	 
REQUEST	13		Get all Emp	1593957864705	1593957864715	OK	 
REQUEST	13		Get all Emp	1593957864715	1593957864723	OK	 
REQUEST	14		Get all Emp	1593957865208	1593957865220	OK	 
REQUEST	22		Get Specific Emp	1593957865218	1593957865227	OK	 
REQUEST	14		Get all Emp	1593957865221	1593957865229	OK	 
USER	Fixed Duration Load Simulation	31	START	1593957865667	1593957865667
REQUEST	31		Get all Emp	1593957865668	1593957865688	OK	 
REQUEST	23		Get Specific Emp	1593957865716	1593957865724	OK	 
REQUEST	15		Get all Emp	1593957865716	1593957865726	OK	 
REQUEST	15		Get all Emp	1593957865727	1593957865736	OK	 
USER	Fixed Duration Load Simulation	32	START	1593957866176	1593957866176
REQUEST	32		Get all Emp	1593957866177	1593957866188	OK	 
REQUEST	24		Get Specific Emp	1593957866195	1593957866203	OK	 
USER	Fixed Duration Load Simulation	33	START	1593957866677	1593957866677
REQUEST	33		Get all Emp	1593957866678	1593957866689	OK	 
REQUEST	25		Get Specific Emp	1593957866696	1593957866703	OK	 
REQUEST	16		Get all Emp	1593957866717	1593957866729	OK	 
REQUEST	16		Get all Emp	1593957866730	1593957866738	OK	 
USER	Fixed Duration Load Simulation	34	START	1593957867175	1593957867175
REQUEST	34		Get all Emp	1593957867177	1593957867189	OK	 
REQUEST	17		Get all Emp	1593957867226	1593957867231	OK	 
REQUEST	17		Get all Emp	1593957867233	1593957867238	OK	 
USER	Fixed Duration Load Simulation	35	START	1593957867675	1593957867675
REQUEST	35		Get all Emp	1593957867676	1593957867683	OK	 
REQUEST	26		Get Specific Emp	1593957867708	1593957867716	OK	 
REQUEST	18		Get all Emp	1593957867725	1593957867733	OK	 
REQUEST	18		Get all Emp	1593957867733	1593957867740	OK	 
REQUEST	27		Get Specific Emp	1593957868198	1593957868210	OK	 
REQUEST	19		Get all Emp	1593957868226	1593957868235	OK	 
REQUEST	19		Get all Emp	1593957868235	1593957868241	OK	 
USER	Fixed Duration Load Simulation	36	START	1593957868675	1593957868675
REQUEST	36		Get all Emp	1593957868676	1593957868680	OK	 
REQUEST	28		Get Specific Emp	1593957868697	1593957868705	OK	 
REQUEST	20		Get all Emp	1593957868716	1593957868726	OK	 
REQUEST	20		Get all Emp	1593957868727	1593957868731	OK	 
REQUEST	1		Get Specific Emp	1593957868896	1593957868903	OK	 
REQUEST	10		Get Specific Emp	1593957868907	1593957868913	OK	 
REQUEST	11		Get Specific Emp	1593957868917	1593957868923	OK	 
REQUEST	6		Get Specific Emp	1593957868917	1593957868925	OK	 
REQUEST	8		Get Specific Emp	1593957868926	1593957868931	OK	 
REQUEST	7		Get Specific Emp	1593957868926	1593957868932	OK	 
REQUEST	5		Get Specific Emp	1593957868926	1593957868932	OK	 
REQUEST	4		Get Specific Emp	1593957868938	1593957868942	OK	 
REQUEST	9		Get Specific Emp	1593957868946	1593957868954	OK	 
REQUEST	3		Get Specific Emp	1593957868946	1593957868954	OK	 
REQUEST	2		Get Specific Emp	1593957868955	1593957868962	OK	 
USER	Fixed Duration Load Simulation	37	START	1593957869177	1593957869177
REQUEST	37		Get all Emp	1593957869178	1593957869190	OK	 
REQUEST	29		Get Specific Emp	1593957869217	1593957869226	OK	 
REQUEST	12		Get Specific Emp	1593957869225	1593957869233	OK	 
USER	Fixed Duration Load Simulation	38	START	1593957869677	1593957869677
REQUEST	38		Get all Emp	1593957869678	1593957869686	OK	 
REQUEST	30		Get Specific Emp	1593957869706	1593957869714	OK	 
REQUEST	21		Get all Emp	1593957869719	1593957869728	OK	 
REQUEST	13		Get Specific Emp	1593957869727	1593957869737	OK	 
REQUEST	21		Get all Emp	1593957869729	1593957869739	OK	 
USER	Fixed Duration Load Simulation	39	START	1593957870176	1593957870176
REQUEST	39		Get all Emp	1593957870177	1593957870185	OK	 
REQUEST	14		Get Specific Emp	1593957870237	1593957870254	OK	 
REQUEST	22		Get all Emp	1593957870237	1593957870258	OK	 
REQUEST	22		Get all Emp	1593957870259	1593957870269	OK	 
USER	Fixed Duration Load Simulation	40	START	1593957870676	1593957870676
REQUEST	40		Get all Emp	1593957870677	1593957870686	OK	 
REQUEST	31		Get Specific Emp	1593957870706	1593957870713	OK	 
REQUEST	23		Get all Emp	1593957870727	1593957870739	OK	 
REQUEST	23		Get all Emp	1593957870740	1593957870748	OK	 
REQUEST	15		Get Specific Emp	1593957870737	1593957870758	OK	 
REQUEST	32		Get Specific Emp	1593957871206	1593957871216	OK	 
REQUEST	24		Get all Emp	1593957871206	1593957871218	OK	 
REQUEST	24		Get all Emp	1593957871218	1593957871227	OK	 
USER	Fixed Duration Load Simulation	41	START	1593957871676	1593957871676
REQUEST	41		Get all Emp	1593957871677	1593957871692	OK	 
REQUEST	33		Get Specific Emp	1593957871706	1593957871716	OK	 
REQUEST	25		Get all Emp	1593957871706	1593957871718	OK	 
REQUEST	25		Get all Emp	1593957871719	1593957871728	OK	 
REQUEST	16		Get Specific Emp	1593957871736	1593957871745	OK	 
USER	Fixed Duration Load Simulation	42	START	1593957872175	1593957872175
REQUEST	42		Get all Emp	1593957872176	1593957872184	OK	 
REQUEST	34		Get Specific Emp	1593957872205	1593957872211	OK	 
REQUEST	17		Get Specific Emp	1593957872236	1593957872244	OK	 
USER	Fixed Duration Load Simulation	43	START	1593957872676	1593957872676
REQUEST	43		Get all Emp	1593957872677	1593957872688	OK	 
REQUEST	35		Get Specific Emp	1593957872696	1593957872702	OK	 
REQUEST	26		Get all Emp	1593957872728	1593957872735	OK	 
REQUEST	26		Get all Emp	1593957872735	1593957872742	OK	 
REQUEST	18		Get Specific Emp	1593957872735	1593957872743	OK	 
USER	Fixed Duration Load Simulation	44	START	1593957873176	1593957873176
REQUEST	44		Get all Emp	1593957873177	1593957873197	OK	 
REQUEST	27		Get all Emp	1593957873217	1593957873222	OK	 
REQUEST	27		Get all Emp	1593957873222	1593957873230	OK	 
REQUEST	19		Get Specific Emp	1593957873247	1593957873255	OK	 
USER	Fixed Duration Load Simulation	45	START	1593957873677	1593957873677
REQUEST	45		Get all Emp	1593957873677	1593957873685	OK	 
REQUEST	36		Get Specific Emp	1593957873698	1593957873707	OK	 
REQUEST	28		Get all Emp	1593957873705	1593957873711	OK	 
REQUEST	28		Get all Emp	1593957873711	1593957873717	OK	 
REQUEST	20		Get Specific Emp	1593957873737	1593957873743	OK	 
REQUEST	1		Get all Emp	1593957873905	1593957873920	OK	 
REQUEST	10		Get all Emp	1593957873905	1593957873924	OK	 
REQUEST	1		Get all Emp	1593957873922	1593957873934	OK	 
REQUEST	10		Get all Emp	1593957873925	1593957873942	OK	 
REQUEST	6		Get all Emp	1593957873927	1593957873943	OK	 
REQUEST	11		Get all Emp	1593957873918	1593957873943	OK	 
REQUEST	7		Get all Emp	1593957873938	1593957873959	OK	 
REQUEST	5		Get all Emp	1593957873938	1593957873974	OK	 
REQUEST	8		Get all Emp	1593957873937	1593957873978	OK	 
REQUEST	6		Get all Emp	1593957873943	1593957873978	OK	 
REQUEST	11		Get all Emp	1593957873944	1593957873987	OK	 
REQUEST	4		Get all Emp	1593957873946	1593957873994	OK	 
REQUEST	2		Get all Emp	1593957873967	1593957874007	OK	 
REQUEST	5		Get all Emp	1593957873975	1593957874012	OK	 
REQUEST	9		Get all Emp	1593957873958	1593957874012	OK	 
REQUEST	7		Get all Emp	1593957873960	1593957874015	OK	 
REQUEST	3		Get all Emp	1593957873958	1593957874017	OK	 
REQUEST	8		Get all Emp	1593957873978	1593957874018	OK	 
REQUEST	2		Get all Emp	1593957874007	1593957874018	OK	 
REQUEST	3		Get all Emp	1593957874018	1593957874021	OK	 
REQUEST	9		Get all Emp	1593957874013	1593957874022	OK	 
REQUEST	4		Get all Emp	1593957873995	1593957874025	OK	 
REQUEST	37		Get Specific Emp	1593957874206	1593957874213	OK	 
REQUEST	29		Get all Emp	1593957874228	1593957874234	OK	 
REQUEST	12		Get all Emp	1593957874228	1593957874236	OK	 
REQUEST	12		Get all Emp	1593957874237	1593957874245	OK	 
REQUEST	29		Get all Emp	1593957874235	1593957874247	OK	 
USER	Fixed Duration Load Simulation	46	START	1593957874676	1593957874676
REQUEST	46		Get all Emp	1593957874676	1593957874686	OK	 
REQUEST	30		Get all Emp	1593957874722	1593957874731	OK	 
REQUEST	38		Get Specific Emp	1593957874722	1593957874732	OK	 
REQUEST	30		Get all Emp	1593957874732	1593957874737	OK	 
REQUEST	13		Get all Emp	1593957874736	1593957874739	OK	 
REQUEST	13		Get all Emp	1593957874739	1593957874741	OK	 
REQUEST	21		Get Specific Emp	1593957874736	1593957874743	OK	 
USER	Fixed Duration Load Simulation	47	START	1593957875176	1593957875176
REQUEST	47		Get all Emp	1593957875177	1593957875186	OK	 
REQUEST	39		Get Specific Emp	1593957875195	1593957875204	OK	 
REQUEST	14		Get all Emp	1593957875246	1593957875256	OK	 
REQUEST	14		Get all Emp	1593957875257	1593957875259	OK	 
REQUEST	22		Get Specific Emp	1593957875266	1593957875272	OK	 
USER	Fixed Duration Load Simulation	48	START	1593957875676	1593957875676
REQUEST	48		Get all Emp	1593957875677	1593957875681	OK	 
REQUEST	40		Get Specific Emp	1593957875706	1593957875712	OK	 
REQUEST	31		Get all Emp	1593957875715	1593957875719	OK	 
REQUEST	31		Get all Emp	1593957875720	1593957875723	OK	 
REQUEST	23		Get Specific Emp	1593957875748	1593957875751	OK	 
REQUEST	15		Get all Emp	1593957875755	1593957875765	OK	 
REQUEST	15		Get all Emp	1593957875765	1593957875772	OK	 
USER	Fixed Duration Load Simulation	49	START	1593957876176	1593957876176
REQUEST	49		Get all Emp	1593957876176	1593957876185	OK	 
REQUEST	32		Get all Emp	1593957876225	1593957876228	OK	 
REQUEST	32		Get all Emp	1593957876228	1593957876241	OK	 
REQUEST	24		Get Specific Emp	1593957876236	1593957876248	OK	 
USER	Fixed Duration Load Simulation	50	START	1593957876677	1593957876677
REQUEST	50		Get all Emp	1593957876678	1593957876682	OK	 
REQUEST	41		Get Specific Emp	1593957876706	1593957876710	OK	 
REQUEST	33		Get all Emp	1593957876725	1593957876729	OK	 
REQUEST	33		Get all Emp	1593957876730	1593957876731	OK	 
REQUEST	25		Get Specific Emp	1593957876737	1593957876744	OK	 
REQUEST	16		Get all Emp	1593957876737	1593957876747	OK	 
REQUEST	16		Get all Emp	1593957876747	1593957876757	OK	 
REQUEST	42		Get Specific Emp	1593957877205	1593957877216	OK	 
REQUEST	34		Get all Emp	1593957877216	1593957877221	OK	 
REQUEST	34		Get all Emp	1593957877221	1593957877227	OK	 
REQUEST	17		Get all Emp	1593957877255	1593957877264	OK	 
REQUEST	17		Get all Emp	1593957877265	1593957877274	OK	 
USER	Fixed Duration Load Simulation	51	START	1593957877675	1593957877675
REQUEST	51		Get all Emp	1593957877676	1593957877685	OK	 
REQUEST	43		Get Specific Emp	1593957877706	1593957877709	OK	 
REQUEST	35		Get all Emp	1593957877706	1593957877716	OK	 
REQUEST	35		Get all Emp	1593957877717	1593957877724	OK	 
REQUEST	26		Get Specific Emp	1593957877735	1593957877742	OK	 
REQUEST	18		Get all Emp	1593957877745	1593957877755	OK	 
REQUEST	18		Get all Emp	1593957877755	1593957877764	OK	 
USER	Fixed Duration Load Simulation	52	START	1593957878188	1593957878188
REQUEST	52		Get all Emp	1593957878188	1593957878207	OK	 
REQUEST	44		Get Specific Emp	1593957878222	1593957878228	OK	 
REQUEST	27		Get Specific Emp	1593957878236	1593957878243	OK	 
REQUEST	19		Get all Emp	1593957878247	1593957878254	OK	 
REQUEST	19		Get all Emp	1593957878254	1593957878266	OK	 
USER	Fixed Duration Load Simulation	53	START	1593957878677	1593957878677
REQUEST	53		Get all Emp	1593957878677	1593957878682	OK	 
REQUEST	45		Get Specific Emp	1593957878709	1593957878718	OK	 
REQUEST	28		Get Specific Emp	1593957878726	1593957878731	OK	 
REQUEST	36		Get all Emp	1593957878716	1593957878731	OK	 
REQUEST	36		Get all Emp	1593957878731	1593957878742	OK	 
REQUEST	20		Get all Emp	1593957878736	1593957878744	OK	 
REQUEST	20		Get all Emp	1593957878745	1593957878754	OK	 
REQUEST	1		Get Specific Emp	1593957878936	1593957878942	OK	 
REQUEST	10		Get Specific Emp	1593957878947	1593957878951	OK	 
REQUEST	11		Get Specific Emp	1593957878986	1593957878988	OK	 
REQUEST	6		Get Specific Emp	1593957878986	1593957878989	OK	 
REQUEST	5		Get Specific Emp	1593957879006	1593957879009	OK	 
REQUEST	3		Get Specific Emp	1593957879016	1593957879018	OK	 
REQUEST	7		Get Specific Emp	1593957879016	1593957879019	OK	 
REQUEST	9		Get Specific Emp	1593957879016	1593957879020	OK	 
REQUEST	2		Get Specific Emp	1593957879016	1593957879020	OK	 
REQUEST	4		Get Specific Emp	1593957879025	1593957879028	OK	 
REQUEST	8		Get Specific Emp	1593957879025	1593957879028	OK	 
USER	Fixed Duration Load Simulation	54	START	1593957879176	1593957879176
REQUEST	54		Get all Emp	1593957879177	1593957879180	OK	 
REQUEST	37		Get all Emp	1593957879216	1593957879218	OK	 
REQUEST	37		Get all Emp	1593957879218	1593957879220	OK	 
REQUEST	12		Get Specific Emp	1593957879255	1593957879367	OK	 
REQUEST	29		Get Specific Emp	1593957879248	1593957879368	OK	 
USER	Fixed Duration Load Simulation	55	START	1593957879677	1593957879677
REQUEST	55		Get all Emp	1593957879678	1593957879688	OK	 
REQUEST	46		Get Specific Emp	1593957879707	1593957879716	OK	 
REQUEST	38		Get all Emp	1593957879715	1593957879722	OK	 
REQUEST	38		Get all Emp	1593957879723	1593957879725	OK	 
REQUEST	30		Get Specific Emp	1593957879736	1593957879738	OK	 
REQUEST	13		Get Specific Emp	1593957879746	1593957879751	OK	 
REQUEST	21		Get all Emp	1593957879746	1593957879753	OK	 
REQUEST	21		Get all Emp	1593957879754	1593957879758	OK	 
REQUEST	47		Get Specific Emp	1593957880197	1593957880202	OK	 
REQUEST	39		Get all Emp	1593957880207	1593957880222	OK	 
REQUEST	39		Get all Emp	1593957880222	1593957880229	OK	 
REQUEST	22		Get all Emp	1593957880267	1593957880273	OK	 
REQUEST	14		Get Specific Emp	1593957880267	1593957880274	OK	 
REQUEST	22		Get all Emp	1593957880274	1593957880280	OK	 
USER	Fixed Duration Load Simulation	56	START	1593957880665	1593957880665
REQUEST	56		Get all Emp	1593957880666	1593957880682	OK	 
REQUEST	48		Get Specific Emp	1593957880696	1593957880701	OK	 
REQUEST	40		Get all Emp	1593957880709	1593957880728	OK	 
REQUEST	31		Get Specific Emp	1593957880716	1593957880737	OK	 
REQUEST	40		Get all Emp	1593957880728	1593957880743	OK	 
REQUEST	23		Get all Emp	1593957880745	1593957880755	OK	 
REQUEST	23		Get all Emp	1593957880755	1593957880791	OK	 
REQUEST	15		Get Specific Emp	1593957880776	1593957880794	OK	 
USER	Fixed Duration Load Simulation	57	START	1593957881166	1593957881166
REQUEST	57		Get all Emp	1593957881166	1593957881172	OK	 
REQUEST	49		Get Specific Emp	1593957881196	1593957881199	OK	 
REQUEST	32		Get Specific Emp	1593957881235	1593957881243	OK	 
REQUEST	24		Get all Emp	1593957881246	1593957881251	OK	 
REQUEST	24		Get all Emp	1593957881252	1593957881255	OK	 
USER	Fixed Duration Load Simulation	58	START	1593957881666	1593957881666
REQUEST	58		Get all Emp	1593957881667	1593957881671	OK	 
REQUEST	50		Get Specific Emp	1593957881695	1593957881699	OK	 
REQUEST	41		Get all Emp	1593957881716	1593957881721	OK	 
REQUEST	41		Get all Emp	1593957881722	1593957881729	OK	 
REQUEST	33		Get Specific Emp	1593957881727	1593957881737	OK	 
REQUEST	25		Get all Emp	1593957881736	1593957881743	OK	 
REQUEST	25		Get all Emp	1593957881743	1593957881752	OK	 
REQUEST	16		Get Specific Emp	1593957881766	1593957881769	OK	 
USER	Fixed Duration Load Simulation	59	START	1593957882167	1593957882167
REQUEST	59		Get all Emp	1593957882168	1593957882173	OK	 
REQUEST	42		Get all Emp	1593957882218	1593957882225	OK	 
REQUEST	34		Get Specific Emp	1593957882225	1593957882228	OK	 
REQUEST	42		Get all Emp	1593957882225	1593957882233	OK	 
REQUEST	17		Get Specific Emp	1593957882267	1593957882273	OK	 
USER	Fixed Duration Load Simulation	60	START	1593957882667	1593957882667
REQUEST	60		Get all Emp	1593957882667	1593957882679	OK	 
REQUEST	51		Get Specific Emp	1593957882695	1593957882704	OK	 
REQUEST	43		Get all Emp	1593957882716	1593957882726	OK	 
REQUEST	35		Get Specific Emp	1593957882725	1593957882731	OK	 
REQUEST	43		Get all Emp	1593957882727	1593957882735	OK	 
REQUEST	26		Get all Emp	1593957882735	1593957882741	OK	 
REQUEST	26		Get all Emp	1593957882741	1593957882747	OK	 
REQUEST	18		Get Specific Emp	1593957882756	1593957882762	OK	 
REQUEST	52		Get Specific Emp	1593957883226	1593957883229	OK	 
REQUEST	44		Get all Emp	1593957883226	1593957883232	OK	 
REQUEST	44		Get all Emp	1593957883232	1593957883239	OK	 
REQUEST	27		Get all Emp	1593957883236	1593957883243	OK	 
REQUEST	27		Get all Emp	1593957883243	1593957883248	OK	 
REQUEST	19		Get Specific Emp	1593957883278	1593957883285	OK	 
REQUEST	53		Get Specific Emp	1593957883695	1593957883704	OK	 
REQUEST	45		Get all Emp	1593957883716	1593957883724	OK	 
REQUEST	45		Get all Emp	1593957883725	1593957883734	OK	 
REQUEST	28		Get all Emp	1593957883726	1593957883735	OK	 
REQUEST	28		Get all Emp	1593957883735	1593957883739	OK	 
REQUEST	36		Get Specific Emp	1593957883736	1593957883741	OK	 
REQUEST	20		Get Specific Emp	1593957883759	1593957883776	OK	 
REQUEST	10		Get all Emp	1593957883947	1593957883953	OK	 
REQUEST	1		Get all Emp	1593957883947	1593957883957	OK	 
REQUEST	10		Get all Emp	1593957883953	1593957883961	OK	 
REQUEST	1		Get all Emp	1593957883957	1593957883967	OK	 
REQUEST	6		Get all Emp	1593957883986	1593957883994	OK	 
REQUEST	6		Get all Emp	1593957883995	1593957884000	OK	 
REQUEST	11		Get all Emp	1593957883997	1593957884003	OK	 
REQUEST	11		Get all Emp	1593957884004	1593957884009	OK	 
REQUEST	5		Get all Emp	1593957884016	1593957884018	OK	 
REQUEST	7		Get all Emp	1593957884016	1593957884024	OK	 
REQUEST	5		Get all Emp	1593957884018	1593957884024	OK	 
REQUEST	2		Get all Emp	1593957884016	1593957884024	OK	 
REQUEST	2		Get all Emp	1593957884024	1593957884026	OK	 
REQUEST	7		Get all Emp	1593957884024	1593957884036	OK	 
REQUEST	4		Get all Emp	1593957884026	1593957884037	OK	 
REQUEST	8		Get all Emp	1593957884026	1593957884038	OK	 
REQUEST	3		Get all Emp	1593957884026	1593957884041	OK	 
REQUEST	9		Get all Emp	1593957884026	1593957884049	OK	 
REQUEST	8		Get all Emp	1593957884039	1593957884049	OK	 
REQUEST	4		Get all Emp	1593957884038	1593957884053	OK	 
REQUEST	9		Get all Emp	1593957884050	1593957884058	OK	 
REQUEST	3		Get all Emp	1593957884042	1593957884067	OK	 
REQUEST	54		Get Specific Emp	1593957884195	1593957884207	OK	 
REQUEST	37		Get Specific Emp	1593957884226	1593957884231	OK	 
REQUEST	29		Get all Emp	1593957884367	1593957884369	OK	 
REQUEST	12		Get all Emp	1593957884367	1593957884371	OK	 
REQUEST	29		Get all Emp	1593957884370	1593957884374	OK	 
REQUEST	12		Get all Emp	1593957884372	1593957884378	OK	 
REQUEST	55		Get Specific Emp	1593957884706	1593957884711	OK	 
REQUEST	46		Get all Emp	1593957884717	1593957884735	OK	 
REQUEST	38		Get Specific Emp	1593957884735	1593957884740	OK	 
REQUEST	30		Get all Emp	1593957884735	1593957884747	OK	 
REQUEST	46		Get all Emp	1593957884735	1593957884748	OK	 
REQUEST	30		Get all Emp	1593957884748	1593957884754	OK	 
REQUEST	13		Get all Emp	1593957884747	1593957884754	OK	 
REQUEST	13		Get all Emp	1593957884754	1593957884758	OK	 
REQUEST	21		Get Specific Emp	1593957884767	1593957884775	OK	 
REQUEST	47		Get all Emp	1593957885206	1593957885213	OK	 
REQUEST	47		Get all Emp	1593957885214	1593957885221	OK	 
REQUEST	39		Get Specific Emp	1593957885235	1593957885240	OK	 
REQUEST	14		Get all Emp	1593957885265	1593957885275	OK	 
REQUEST	14		Get all Emp	1593957885275	1593957885282	OK	 
REQUEST	22		Get Specific Emp	1593957885278	1593957885287	OK	 
REQUEST	56		Get Specific Emp	1593957885696	1593957885709	OK	 
REQUEST	48		Get all Emp	1593957885708	1593957885714	OK	 
REQUEST	48		Get all Emp	1593957885715	1593957885721	OK	 
REQUEST	40		Get Specific Emp	1593957885746	1593957885751	OK	 
REQUEST	31		Get all Emp	1593957885746	1593957885756	OK	 
REQUEST	31		Get all Emp	1593957885756	1593957885764	OK	 
REQUEST	15		Get all Emp	1593957885796	1593957885802	OK	 
REQUEST	23		Get Specific Emp	1593957885796	1593957885803	OK	 
REQUEST	15		Get all Emp	1593957885803	1593957885807	OK	 
REQUEST	57		Get Specific Emp	1593957886188	1593957886194	OK	 
REQUEST	49		Get all Emp	1593957886207	1593957886218	OK	 
REQUEST	49		Get all Emp	1593957886218	1593957886224	OK	 
REQUEST	32		Get all Emp	1593957886237	1593957886243	OK	 
REQUEST	32		Get all Emp	1593957886244	1593957886250	OK	 
REQUEST	24		Get Specific Emp	1593957886255	1593957886260	OK	 
REQUEST	58		Get Specific Emp	1593957886688	1593957886692	OK	 
REQUEST	50		Get all Emp	1593957886706	1593957886712	OK	 
REQUEST	50		Get all Emp	1593957886712	1593957886718	OK	 
REQUEST	41		Get Specific Emp	1593957886727	1593957886732	OK	 
REQUEST	33		Get all Emp	1593957886736	1593957886743	OK	 
REQUEST	33		Get all Emp	1593957886744	1593957886750	OK	 
REQUEST	25		Get Specific Emp	1593957886755	1593957886760	OK	 
REQUEST	16		Get all Emp	1593957886766	1593957886771	OK	 
REQUEST	16		Get all Emp	1593957886771	1593957886777	OK	 
REQUEST	59		Get Specific Emp	1593957887185	1593957887191	OK	 
REQUEST	42		Get Specific Emp	1593957887225	1593957887230	OK	 
REQUEST	34		Get all Emp	1593957887235	1593957887240	OK	 
REQUEST	34		Get all Emp	1593957887240	1593957887245	OK	 
REQUEST	17		Get all Emp	1593957887267	1593957887276	OK	 
REQUEST	17		Get all Emp	1593957887277	1593957887284	OK	 
REQUEST	60		Get Specific Emp	1593957887696	1593957887703	OK	 
REQUEST	51		Get all Emp	1593957887707	1593957887721	OK	 
REQUEST	51		Get all Emp	1593957887721	1593957887725	OK	 
REQUEST	43		Get Specific Emp	1593957887728	1593957887730	OK	 
REQUEST	35		Get all Emp	1593957887735	1593957887738	OK	 
REQUEST	35		Get all Emp	1593957887739	1593957887741	OK	 
REQUEST	26		Get Specific Emp	1593957887757	1593957887761	OK	 
REQUEST	18		Get all Emp	1593957887767	1593957887770	OK	 
REQUEST	18		Get all Emp	1593957887771	1593957887777	OK	 
REQUEST	44		Get Specific Emp	1593957888237	1593957888240	OK	 
REQUEST	52		Get all Emp	1593957888237	1593957888245	OK	 
REQUEST	52		Get all Emp	1593957888245	1593957888251	OK	 
REQUEST	27		Get Specific Emp	1593957888256	1593957888261	OK	 
REQUEST	19		Get all Emp	1593957888277	1593957888281	OK	 
REQUEST	19		Get all Emp	1593957888282	1593957888286	OK	 
REQUEST	53		Get all Emp	1593957888706	1593957888712	OK	 
REQUEST	53		Get all Emp	1593957888713	1593957888715	OK	 
REQUEST	45		Get Specific Emp	1593957888725	1593957888735	OK	 
REQUEST	28		Get Specific Emp	1593957888737	1593957888739	OK	 
REQUEST	36		Get all Emp	1593957888745	1593957888751	OK	 
REQUEST	36		Get all Emp	1593957888752	1593957888754	OK	 
REQUEST	20		Get all Emp	1593957888786	1593957888790	OK	 
REQUEST	20		Get all Emp	1593957888790	1593957888797	OK	 
REQUEST	1		Get Specific Emp	1593957888967	1593957888969	OK	 
REQUEST	10		Get Specific Emp	1593957888967	1593957888969	OK	 
REQUEST	6		Get Specific Emp	1593957888996	1593957888998	OK	 
REQUEST	11		Get Specific Emp	1593957889007	1593957889011	OK	 
REQUEST	5		Get Specific Emp	1593957889016	1593957889019	OK	 
REQUEST	2		Get Specific Emp	1593957889037	1593957889040	OK	 
REQUEST	7		Get Specific Emp	1593957889037	1593957889041	OK	 
REQUEST	8		Get Specific Emp	1593957889046	1593957889049	OK	 
REQUEST	4		Get Specific Emp	1593957889046	1593957889049	OK	 
REQUEST	9		Get Specific Emp	1593957889056	1593957889060	OK	 
REQUEST	3		Get Specific Emp	1593957889067	1593957889071	OK	 
REQUEST	54		Get all Emp	1593957889217	1593957889219	OK	 
REQUEST	54		Get all Emp	1593957889220	1593957889225	OK	 
REQUEST	37		Get all Emp	1593957889225	1593957889231	OK	 
REQUEST	37		Get all Emp	1593957889231	1593957889233	OK	 
REQUEST	29		Get Specific Emp	1593957889366	1593957889369	OK	 
REQUEST	12		Get Specific Emp	1593957889376	1593957889378	OK	 
REQUEST	55		Get all Emp	1593957889718	1593957889723	OK	 
REQUEST	55		Get all Emp	1593957889724	1593957889725	OK	 
REQUEST	38		Get all Emp	1593957889738	1593957889742	OK	 
REQUEST	38		Get all Emp	1593957889742	1593957889747	OK	 
REQUEST	46		Get Specific Emp	1593957889746	1593957889749	OK	 
REQUEST	30		Get Specific Emp	1593957889746	1593957889750	OK	 
REQUEST	21		Get all Emp	1593957889766	1593957889769	OK	 
REQUEST	13		Get Specific Emp	1593957889766	1593957889769	OK	 
REQUEST	21		Get all Emp	1593957889769	1593957889771	OK	 
REQUEST	47		Get Specific Emp	1593957890225	1593957890228	OK	 
REQUEST	39		Get all Emp	1593957890238	1593957890240	OK	 
REQUEST	39		Get all Emp	1593957890240	1593957890242	OK	 
REQUEST	14		Get Specific Emp	1593957890285	1593957890287	OK	 
REQUEST	22		Get all Emp	1593957890296	1593957890299	OK	 
REQUEST	22		Get all Emp	1593957890299	1593957890301	OK	 
REQUEST	56		Get all Emp	1593957890716	1593957890718	OK	 
REQUEST	48		Get Specific Emp	1593957890716	1593957890719	OK	 
REQUEST	56		Get all Emp	1593957890718	1593957890720	OK	 
REQUEST	40		Get all Emp	1593957890756	1593957890759	OK	 
REQUEST	31		Get Specific Emp	1593957890756	1593957890759	OK	 
REQUEST	40		Get all Emp	1593957890759	1593957890761	OK	 
REQUEST	23		Get all Emp	1593957890796	1593957890799	OK	 
REQUEST	23		Get all Emp	1593957890800	1593957890801	OK	 
REQUEST	15		Get Specific Emp	1593957890805	1593957890807	OK	 
REQUEST	57		Get all Emp	1593957891195	1593957891197	OK	 
REQUEST	57		Get all Emp	1593957891198	1593957891202	OK	 
REQUEST	49		Get Specific Emp	1593957891226	1593957891228	OK	 
REQUEST	32		Get Specific Emp	1593957891256	1593957891258	OK	 
REQUEST	24		Get all Emp	1593957891256	1593957891258	OK	 
REQUEST	24		Get all Emp	1593957891258	1593957891260	OK	 
REQUEST	58		Get all Emp	1593957891697	1593957891699	OK	 
REQUEST	58		Get all Emp	1593957891699	1593957891701	OK	 
REQUEST	50		Get Specific Emp	1593957891718	1593957891720	OK	 
REQUEST	41		Get all Emp	1593957891736	1593957891739	OK	 
REQUEST	41		Get all Emp	1593957891739	1593957891741	OK	 
REQUEST	33		Get Specific Emp	1593957891747	1593957891749	OK	 
REQUEST	25		Get all Emp	1593957891755	1593957891757	OK	 
REQUEST	25		Get all Emp	1593957891758	1593957891759	OK	 
REQUEST	16		Get Specific Emp	1593957891776	1593957891778	OK	 
REQUEST	59		Get all Emp	1593957892196	1593957892202	OK	 
REQUEST	59		Get all Emp	1593957892202	1593957892205	OK	 
REQUEST	34		Get Specific Emp	1593957892237	1593957892240	OK	 
REQUEST	42		Get all Emp	1593957892237	1593957892240	OK	 
REQUEST	42		Get all Emp	1593957892241	1593957892242	OK	 
REQUEST	17		Get Specific Emp	1593957892285	1593957892289	OK	 
REQUEST	60		Get all Emp	1593957892708	1593957892710	OK	 
REQUEST	60		Get all Emp	1593957892710	1593957892712	OK	 
REQUEST	51		Get Specific Emp	1593957892728	1593957892730	OK	 
REQUEST	35		Get Specific Emp	1593957892737	1593957892739	OK	 
REQUEST	43		Get all Emp	1593957892737	1593957892740	OK	 
REQUEST	43		Get all Emp	1593957892740	1593957892742	OK	 
REQUEST	26		Get all Emp	1593957892757	1593957892760	OK	 
REQUEST	26		Get all Emp	1593957892760	1593957892762	OK	 
REQUEST	18		Get Specific Emp	1593957892775	1593957892778	OK	 
REQUEST	44		Get all Emp	1593957893236	1593957893239	OK	 
REQUEST	44		Get all Emp	1593957893240	1593957893242	OK	 
REQUEST	52		Get Specific Emp	1593957893248	1593957893251	OK	 
REQUEST	27		Get all Emp	1593957893257	1593957893259	OK	 
REQUEST	27		Get all Emp	1593957893259	1593957893260	OK	 
REQUEST	19		Get Specific Emp	1593957893287	1593957893292	OK	 
REQUEST	53		Get Specific Emp	1593957893725	1593957893727	OK	 
REQUEST	45		Get all Emp	1593957893736	1593957893738	OK	 
REQUEST	45		Get all Emp	1593957893738	1593957893742	OK	 
REQUEST	36		Get Specific Emp	1593957893745	1593957893747	OK	 
REQUEST	28		Get all Emp	1593957893745	1593957893747	OK	 
REQUEST	28		Get all Emp	1593957893748	1593957893750	OK	 
REQUEST	20		Get Specific Emp	1593957893787	1593957893789	OK	 
REQUEST	10		Get all Emp	1593957893965	1593957893968	OK	 
REQUEST	1		Get all Emp	1593957893965	1593957893968	OK	 
REQUEST	10		Get all Emp	1593957893969	1593957893973	OK	 
REQUEST	1		Get all Emp	1593957893969	1593957893973	OK	 
REQUEST	11		Get all Emp	1593957894007	1593957894010	OK	 
REQUEST	6		Get all Emp	1593957894007	1593957894010	OK	 
REQUEST	6		Get all Emp	1593957894010	1593957894012	OK	 
REQUEST	11		Get all Emp	1593957894010	1593957894012	OK	 
REQUEST	5		Get all Emp	1593957894025	1593957894027	OK	 
REQUEST	5		Get all Emp	1593957894027	1593957894030	OK	 
REQUEST	7		Get all Emp	1593957894036	1593957894039	OK	 
REQUEST	2		Get all Emp	1593957894036	1593957894039	OK	 
REQUEST	7		Get all Emp	1593957894039	1593957894041	OK	 
REQUEST	2		Get all Emp	1593957894039	1593957894041	OK	 
REQUEST	8		Get all Emp	1593957894045	1593957894047	OK	 
REQUEST	8		Get all Emp	1593957894047	1593957894049	OK	 
REQUEST	9		Get all Emp	1593957894057	1593957894061	OK	 
REQUEST	4		Get all Emp	1593957894057	1593957894061	OK	 
REQUEST	9		Get all Emp	1593957894062	1593957894064	OK	 
REQUEST	4		Get all Emp	1593957894062	1593957894064	OK	 
REQUEST	3		Get all Emp	1593957894066	1593957894069	OK	 
REQUEST	3		Get all Emp	1593957894070	1593957894072	OK	 
REQUEST	54		Get Specific Emp	1593957894217	1593957894220	OK	 
REQUEST	37		Get Specific Emp	1593957894235	1593957894238	OK	 
REQUEST	12		Get all Emp	1593957894375	1593957894382	OK	 
REQUEST	29		Get all Emp	1593957894375	1593957894382	OK	 
REQUEST	12		Get all Emp	1593957894383	1593957894387	OK	 
REQUEST	29		Get all Emp	1593957894383	1593957894387	OK	 
REQUEST	55		Get Specific Emp	1593957894727	1593957894730	OK	 
REQUEST	38		Get Specific Emp	1593957894745	1593957894748	OK	 
REQUEST	46		Get all Emp	1593957894757	1593957894760	OK	 
REQUEST	30		Get all Emp	1593957894757	1593957894761	OK	 
REQUEST	46		Get all Emp	1593957894760	1593957894762	OK	 
REQUEST	30		Get all Emp	1593957894761	1593957894764	OK	 
REQUEST	13		Get all Emp	1593957894766	1593957894768	OK	 
REQUEST	13		Get all Emp	1593957894768	1593957894770	OK	 
REQUEST	21		Get Specific Emp	1593957894775	1593957894777	OK	 
REQUEST	47		Get all Emp	1593957895237	1593957895241	OK	 
REQUEST	47		Get all Emp	1593957895242	1593957895251	OK	 
REQUEST	39		Get Specific Emp	1593957895248	1593957895255	OK	 
REQUEST	22		Get Specific Emp	1593957895298	1593957895301	OK	 
REQUEST	14		Get all Emp	1593957895298	1593957895302	OK	 
REQUEST	14		Get all Emp	1593957895302	1593957895304	OK	 
REQUEST	56		Get Specific Emp	1593957895716	1593957895719	OK	 
REQUEST	48		Get all Emp	1593957895726	1593957895728	OK	 
REQUEST	48		Get all Emp	1593957895728	1593957895730	OK	 
REQUEST	40		Get Specific Emp	1593957895756	1593957895758	OK	 
REQUEST	31		Get all Emp	1593957895767	1593957895769	OK	 
REQUEST	31		Get all Emp	1593957895769	1593957895771	OK	 
REQUEST	23		Get Specific Emp	1593957895807	1593957895809	OK	 
REQUEST	15		Get all Emp	1593957895807	1593957895811	OK	 
REQUEST	15		Get all Emp	1593957895811	1593957895814	OK	 
REQUEST	57		Get Specific Emp	1593957896206	1593957896209	OK	 
REQUEST	49		Get all Emp	1593957896238	1593957896241	OK	 
REQUEST	49		Get all Emp	1593957896241	1593957896245	OK	 
REQUEST	32		Get all Emp	1593957896255	1593957896257	OK	 
REQUEST	32		Get all Emp	1593957896258	1593957896261	OK	 
REQUEST	24		Get Specific Emp	1593957896267	1593957896270	OK	 
REQUEST	58		Get Specific Emp	1593957896695	1593957896698	OK	 
REQUEST	50		Get all Emp	1593957896725	1593957896728	OK	 
REQUEST	50		Get all Emp	1593957896729	1593957896730	OK	 
REQUEST	41		Get Specific Emp	1593957896735	1593957896737	OK	 
REQUEST	33		Get all Emp	1593957896756	1593957896758	OK	 
REQUEST	33		Get all Emp	1593957896758	1593957896762	OK	 
REQUEST	25		Get Specific Emp	1593957896766	1593957896768	OK	 
REQUEST	16		Get all Emp	1593957896778	1593957896782	OK	 
REQUEST	16		Get all Emp	1593957896782	1593957896784	OK	 
REQUEST	59		Get Specific Emp	1593957897205	1593957897207	OK	 
REQUEST	42		Get Specific Emp	1593957897235	1593957897237	OK	 
REQUEST	34		Get all Emp	1593957897248	1593957897250	OK	 
REQUEST	34		Get all Emp	1593957897251	1593957897252	OK	 
REQUEST	17		Get all Emp	1593957897297	1593957897299	OK	 
REQUEST	17		Get all Emp	1593957897299	1593957897301	OK	 
REQUEST	60		Get Specific Emp	1593957897706	1593957897708	OK	 
REQUEST	43		Get Specific Emp	1593957897735	1593957897737	OK	 
REQUEST	51		Get all Emp	1593957897735	1593957897738	OK	 
REQUEST	51		Get all Emp	1593957897738	1593957897740	OK	 
REQUEST	35		Get all Emp	1593957897745	1593957897747	OK	 
REQUEST	35		Get all Emp	1593957897747	1593957897749	OK	 
REQUEST	26		Get Specific Emp	1593957897765	1593957897768	OK	 
REQUEST	18		Get all Emp	1593957897786	1593957897789	OK	 
REQUEST	18		Get all Emp	1593957897789	1593957897791	OK	 
REQUEST	52		Get all Emp	1593957898247	1593957898250	OK	 
REQUEST	52		Get all Emp	1593957898250	1593957898252	OK	 
REQUEST	44		Get Specific Emp	1593957898247	1593957898253	OK	 
REQUEST	27		Get Specific Emp	1593957898256	1593957898258	OK	 
REQUEST	19		Get all Emp	1593957898296	1593957898298	OK	 
REQUEST	19		Get all Emp	1593957898299	1593957898302	OK	 
REQUEST	53		Get all Emp	1593957898725	1593957898727	OK	 
REQUEST	53		Get all Emp	1593957898728	1593957898730	OK	 
REQUEST	28		Get Specific Emp	1593957898746	1593957898748	OK	 
REQUEST	45		Get Specific Emp	1593957898746	1593957898748	OK	 
REQUEST	36		Get all Emp	1593957898755	1593957898757	OK	 
REQUEST	36		Get all Emp	1593957898757	1593957898759	OK	 
REQUEST	20		Get all Emp	1593957898798	1593957898800	OK	 
REQUEST	20		Get all Emp	1593957898800	1593957898802	OK	 
REQUEST	10		Get Specific Emp	1593957898975	1593957898978	OK	 
REQUEST	1		Get Specific Emp	1593957898975	1593957898978	OK	 
REQUEST	6		Get Specific Emp	1593957899007	1593957899009	OK	 
REQUEST	11		Get Specific Emp	1593957899017	1593957899019	OK	 
REQUEST	5		Get Specific Emp	1593957899035	1593957899038	OK	 
REQUEST	2		Get Specific Emp	1593957899035	1593957899038	OK	 
REQUEST	7		Get Specific Emp	1593957899045	1593957899048	OK	 
REQUEST	4		Get Specific Emp	1593957899057	1593957899060	OK	 
REQUEST	8		Get Specific Emp	1593957899057	1593957899061	OK	 
REQUEST	9		Get Specific Emp	1593957899066	1593957899068	OK	 
REQUEST	3		Get Specific Emp	1593957899066	1593957899068	OK	 
REQUEST	54		Get all Emp	1593957899227	1593957899230	OK	 
REQUEST	54		Get all Emp	1593957899230	1593957899232	OK	 
REQUEST	37		Get all Emp	1593957899235	1593957899237	OK	 
REQUEST	37		Get all Emp	1593957899238	1593957899240	OK	 
REQUEST	12		Get Specific Emp	1593957899385	1593957899391	OK	 
REQUEST	29		Get Specific Emp	1593957899385	1593957899391	OK	 
REQUEST	55		Get all Emp	1593957899727	1593957899730	OK	 
REQUEST	55		Get all Emp	1593957899730	1593957899731	OK	 
REQUEST	38		Get all Emp	1593957899747	1593957899750	OK	 
REQUEST	38		Get all Emp	1593957899750	1593957899752	OK	 
REQUEST	46		Get Specific Emp	1593957899756	1593957899758	OK	 
REQUEST	30		Get Specific Emp	1593957899756	1593957899758	OK	 
REQUEST	13		Get Specific Emp	1593957899767	1593957899769	OK	 
REQUEST	21		Get all Emp	1593957899777	1593957899779	OK	 
REQUEST	21		Get all Emp	1593957899780	1593957899782	OK	 
REQUEST	47		Get Specific Emp	1593957900245	1593957900247	OK	 
REQUEST	39		Get all Emp	1593957900256	1593957900258	OK	 
REQUEST	39		Get all Emp	1593957900259	1593957900261	OK	 
REQUEST	14		Get Specific Emp	1593957900297	1593957900300	OK	 
REQUEST	22		Get all Emp	1593957900298	1593957900302	OK	 
REQUEST	22		Get all Emp	1593957900303	1593957900305	OK	 
REQUEST	48		Get Specific Emp	1593957900725	1593957900727	OK	 
REQUEST	56		Get all Emp	1593957900725	1593957900727	OK	 
REQUEST	56		Get all Emp	1593957900727	1593957900729	OK	 
REQUEST	31		Get Specific Emp	1593957900767	1593957900769	OK	 
REQUEST	40		Get all Emp	1593957900767	1593957900769	OK	 
REQUEST	40		Get all Emp	1593957900770	1593957900772	OK	 
REQUEST	15		Get Specific Emp	1593957900806	1593957900809	OK	 
REQUEST	23		Get all Emp	1593957900817	1593957900820	OK	 
REQUEST	23		Get all Emp	1593957900820	1593957900822	OK	 
REQUEST	57		Get all Emp	1593957901205	1593957901207	OK	 
REQUEST	57		Get all Emp	1593957901207	1593957901209	OK	 
REQUEST	49		Get Specific Emp	1593957901247	1593957901250	OK	 
REQUEST	32		Get Specific Emp	1593957901267	1593957901269	OK	 
REQUEST	24		Get all Emp	1593957901267	1593957901271	OK	 
REQUEST	24		Get all Emp	1593957901271	1593957901273	OK	 
REQUEST	58		Get all Emp	1593957901705	1593957901711	OK	 
REQUEST	58		Get all Emp	1593957901711	1593957901718	OK	 
REQUEST	50		Get Specific Emp	1593957901725	1593957901774	OK	 
REQUEST	25		Get all Emp	1593957901769	1593957901788	OK	 
REQUEST	33		Get Specific Emp	1593957901764	1593957901794	OK	 
REQUEST	41		Get all Emp	1593957901757	1593957901794	OK	 
REQUEST	25		Get all Emp	1593957901788	1593957901797	OK	 
REQUEST	16		Get Specific Emp	1593957901775	1593957901797	OK	 
REQUEST	41		Get all Emp	1593957901794	1593957901802	OK	 
REQUEST	59		Get all Emp	1593957902215	1593957902219	OK	 
REQUEST	59		Get all Emp	1593957902220	1593957902227	OK	 
REQUEST	42		Get all Emp	1593957902245	1593957902247	OK	 
REQUEST	34		Get Specific Emp	1593957902245	1593957902257	OK	 
REQUEST	42		Get all Emp	1593957902248	1593957902259	OK	 
REQUEST	17		Get Specific Emp	1593957902295	1593957902297	OK	 
REQUEST	60		Get all Emp	1593957902718	1593957902720	OK	 
REQUEST	60		Get all Emp	1593957902720	1593957902722	OK	 
REQUEST	51		Get Specific Emp	1593957902735	1593957902737	OK	 
REQUEST	35		Get Specific Emp	1593957902745	1593957902749	OK	 
REQUEST	43		Get all Emp	1593957902745	1593957902749	OK	 
REQUEST	43		Get all Emp	1593957902749	1593957902751	OK	 
REQUEST	26		Get all Emp	1593957902766	1593957902767	OK	 
REQUEST	26		Get all Emp	1593957902768	1593957902769	OK	 
REQUEST	18		Get Specific Emp	1593957902785	1593957902787	OK	 
REQUEST	44		Get all Emp	1593957903248	1593957903253	OK	 
REQUEST	44		Get all Emp	1593957903253	1593957903255	OK	 
REQUEST	52		Get Specific Emp	1593957903256	1593957903258	OK	 
REQUEST	27		Get all Emp	1593957903267	1593957903269	OK	 
REQUEST	27		Get all Emp	1593957903270	1593957903272	OK	 
REQUEST	19		Get Specific Emp	1593957903296	1593957903299	OK	 
REQUEST	53		Get Specific Emp	1593957903725	1593957903727	OK	 
REQUEST	28		Get all Emp	1593957903747	1593957903752	OK	 
REQUEST	28		Get all Emp	1593957903752	1593957903755	OK	 
REQUEST	45		Get all Emp	1593957903757	1593957903760	OK	 
REQUEST	36		Get Specific Emp	1593957903757	1593957903760	OK	 
REQUEST	45		Get all Emp	1593957903760	1593957903762	OK	 
REQUEST	20		Get Specific Emp	1593957903797	1593957903799	OK	 
REQUEST	1		Get all Emp	1593957903975	1593957903977	OK	 
REQUEST	10		Get all Emp	1593957903975	1593957903977	OK	 
REQUEST	10		Get all Emp	1593957903977	1593957903979	OK	 
REQUEST	1		Get all Emp	1593957903977	1593957903980	OK	 
REQUEST	6		Get all Emp	1593957904008	1593957904012	OK	 
REQUEST	6		Get all Emp	1593957904012	1593957904015	OK	 
REQUEST	11		Get all Emp	1593957904015	1593957904017	OK	 
REQUEST	11		Get all Emp	1593957904017	1593957904019	OK	 
REQUEST	5		Get all Emp	1593957904036	1593957904039	OK	 
REQUEST	5		Get all Emp	1593957904039	1593957904042	OK	 
REQUEST	7		Get all Emp	1593957904045	1593957904047	OK	 
REQUEST	2		Get all Emp	1593957904045	1593957904047	OK	 
REQUEST	2		Get all Emp	1593957904047	1593957904050	OK	 
REQUEST	7		Get all Emp	1593957904047	1593957904050	OK	 
REQUEST	8		Get all Emp	1593957904057	1593957904059	OK	 
REQUEST	8		Get all Emp	1593957904059	1593957904061	OK	 
REQUEST	4		Get all Emp	1593957904066	1593957904068	OK	 
REQUEST	4		Get all Emp	1593957904068	1593957904071	OK	 
REQUEST	3		Get all Emp	1593957904077	1593957904080	OK	 
REQUEST	9		Get all Emp	1593957904077	1593957904080	OK	 
REQUEST	3		Get all Emp	1593957904080	1593957904082	OK	 
REQUEST	9		Get all Emp	1593957904080	1593957904082	OK	 
REQUEST	54		Get Specific Emp	1593957904227	1593957904230	OK	 
REQUEST	37		Get Specific Emp	1593957904248	1593957904250	OK	 
REQUEST	12		Get all Emp	1593957904397	1593957904399	OK	 
REQUEST	29		Get all Emp	1593957904397	1593957904399	OK	 
REQUEST	12		Get all Emp	1593957904400	1593957904402	OK	 
REQUEST	29		Get all Emp	1593957904400	1593957904402	OK	 
REQUEST	55		Get Specific Emp	1593957904725	1593957904727	OK	 
REQUEST	38		Get Specific Emp	1593957904747	1593957904750	OK	 
REQUEST	46		Get all Emp	1593957904758	1593957904760	OK	 
REQUEST	46		Get all Emp	1593957904760	1593957904764	OK	 
REQUEST	13		Get all Emp	1593957904765	1593957904767	OK	 
REQUEST	13		Get all Emp	1593957904767	1593957904770	OK	 
REQUEST	30		Get all Emp	1593957904765	1593957904771	OK	 
REQUEST	30		Get all Emp	1593957904771	1593957904772	OK	 
REQUEST	21		Get Specific Emp	1593957904776	1593957904781	OK	 
REQUEST	47		Get all Emp	1593957905245	1593957905247	OK	 
REQUEST	47		Get all Emp	1593957905247	1593957905251	OK	 
REQUEST	39		Get Specific Emp	1593957905256	1593957905259	OK	 
REQUEST	14		Get all Emp	1593957905297	1593957905300	OK	 
REQUEST	14		Get all Emp	1593957905300	1593957905302	OK	 
REQUEST	22		Get Specific Emp	1593957905315	1593957905318	OK	 
REQUEST	56		Get Specific Emp	1593957905725	1593957905727	OK	 
REQUEST	48		Get all Emp	1593957905736	1593957905742	OK	 
REQUEST	48		Get all Emp	1593957905742	1593957905745	OK	 
REQUEST	40		Get Specific Emp	1593957905766	1593957905768	OK	 
REQUEST	31		Get all Emp	1593957905777	1593957905780	OK	 
REQUEST	31		Get all Emp	1593957905780	1593957905782	OK	 
REQUEST	23		Get Specific Emp	1593957905816	1593957905818	OK	 
REQUEST	15		Get all Emp	1593957905816	1593957905818	OK	 
REQUEST	15		Get all Emp	1593957905818	1593957905820	OK	 
REQUEST	57		Get Specific Emp	1593957906217	1593957906219	OK	 
REQUEST	49		Get all Emp	1593957906237	1593957906240	OK	 
REQUEST	49		Get all Emp	1593957906240	1593957906242	OK	 
REQUEST	32		Get all Emp	1593957906267	1593957906269	OK	 
REQUEST	32		Get all Emp	1593957906269	1593957906271	OK	 
REQUEST	24		Get Specific Emp	1593957906276	1593957906277	OK	 
REQUEST	58		Get Specific Emp	1593957906715	1593957906717	OK	 
REQUEST	50		Get all Emp	1593957906775	1593957906778	OK	 
REQUEST	50		Get all Emp	1593957906778	1593957906781	OK	 
REQUEST	33		Get all Emp	1593957906786	1593957906788	OK	 
REQUEST	41		Get Specific Emp	1593957906786	1593957906789	OK	 
REQUEST	33		Get all Emp	1593957906788	1593957906791	OK	 
REQUEST	25		Get Specific Emp	1593957906795	1593957906797	OK	 
REQUEST	16		Get all Emp	1593957906807	1593957906810	OK	 
REQUEST	16		Get all Emp	1593957906810	1593957906812	OK	 
REQUEST	59		Get Specific Emp	1593957907216	1593957907219	OK	 
REQUEST	42		Get Specific Emp	1593957907256	1593957907261	OK	 
REQUEST	34		Get all Emp	1593957907265	1593957907268	OK	 
REQUEST	34		Get all Emp	1593957907268	1593957907271	OK	 
REQUEST	17		Get all Emp	1593957907306	1593957907309	OK	 
REQUEST	17		Get all Emp	1593957907309	1593957907311	OK	 
REQUEST	60		Get Specific Emp	1593957907718	1593957907720	OK	 
REQUEST	51		Get all Emp	1593957907745	1593957907747	OK	 
REQUEST	43		Get Specific Emp	1593957907745	1593957907748	OK	 
REQUEST	51		Get all Emp	1593957907747	1593957907749	OK	 
REQUEST	35		Get all Emp	1593957907758	1593957907761	OK	 
REQUEST	35		Get all Emp	1593957907761	1593957907763	OK	 
REQUEST	26		Get Specific Emp	1593957907776	1593957907779	OK	 
REQUEST	18		Get all Emp	1593957907798	1593957907801	OK	 
REQUEST	18		Get all Emp	1593957907802	1593957907803	OK	 
REQUEST	44		Get Specific Emp	1593957908256	1593957908258	OK	 
REQUEST	52		Get all Emp	1593957908256	1593957908258	OK	 
REQUEST	52		Get all Emp	1593957908259	1593957908260	OK	 
REQUEST	27		Get Specific Emp	1593957908268	1593957908271	OK	 
REQUEST	19		Get all Emp	1593957908305	1593957908310	OK	 
REQUEST	19		Get all Emp	1593957908310	1593957908314	OK	 
