RUN	simulations.BasicLoadSimulation	basicloadsimulation	1593956810253	 	3.3.1
USER	Basic Load Simulation	1	START	1593956817672	1593956817672
USER	Basic Load Simulation	2	START	1593956817832	1593956817832
REQUEST	2		Get all Emp	1593956817832	1593956817852	OK	 
REQUEST	1		Get all Emp	1593956817777	1593956817829	OK	 
USER	Basic Load Simulation	3	START	1593956817931	1593956817931
REQUEST	3		Get all Emp	1593956817932	1593956817942	OK	 
USER	Basic Load Simulation	4	START	1593956818033	1593956818033
REQUEST	4		Get all Emp	1593956818034	1593956818041	OK	 
USER	Basic Load Simulation	5	START	1593956818133	1593956818133
REQUEST	5		Get all Emp	1593956818133	1593956818141	OK	 
USER	Basic Load Simulation	6	START	1593956818232	1593956818232
REQUEST	6		Get all Emp	1593956818232	1593956818241	OK	 
USER	Basic Load Simulation	7	START	1593956818332	1593956818332
REQUEST	7		Get all Emp	1593956818333	1593956818341	OK	 
USER	Basic Load Simulation	8	START	1593956818430	1593956818430
REQUEST	8		Get all Emp	1593956818431	1593956818438	OK	 
USER	Basic Load Simulation	9	START	1593956818531	1593956818531
REQUEST	9		Get all Emp	1593956818531	1593956818537	OK	 
USER	Basic Load Simulation	10	START	1593956818633	1593956818633
REQUEST	10		Get all Emp	1593956818634	1593956818645	OK	 
USER	Basic Load Simulation	11	START	1593956818731	1593956818731
REQUEST	11		Get all Emp	1593956818733	1593956818739	OK	 
USER	Basic Load Simulation	12	START	1593956818754	1593956818754
REQUEST	12		Get all Emp	1593956818755	1593956818773	OK	 
USER	Basic Load Simulation	13	START	1593956818872	1593956818872
REQUEST	13		Get all Emp	1593956818873	1593956818880	OK	 
USER	Basic Load Simulation	14	START	1593956818972	1593956818972
REQUEST	14		Get all Emp	1593956818973	1593956818985	OK	 
USER	Basic Load Simulation	15	START	1593956819071	1593956819071
REQUEST	15		Get all Emp	1593956819071	1593956819083	OK	 
USER	Basic Load Simulation	16	START	1593956819172	1593956819172
REQUEST	16		Get all Emp	1593956819173	1593956819182	OK	 
USER	Basic Load Simulation	17	START	1593956819271	1593956819271
REQUEST	17		Get all Emp	1593956819272	1593956819279	OK	 
USER	Basic Load Simulation	18	START	1593956819371	1593956819371
REQUEST	18		Get all Emp	1593956819372	1593956819380	OK	 
USER	Basic Load Simulation	19	START	1593956819471	1593956819471
REQUEST	19		Get all Emp	1593956819472	1593956819480	OK	 
USER	Basic Load Simulation	20	START	1593956819573	1593956819573
REQUEST	20		Get all Emp	1593956819574	1593956819579	OK	 
USER	Basic Load Simulation	21	START	1593956819673	1593956819673
REQUEST	21		Get all Emp	1593956819673	1593956819679	OK	 
USER	Basic Load Simulation	22	START	1593956819773	1593956819773
REQUEST	22		Get all Emp	1593956819774	1593956819778	OK	 
USER	Basic Load Simulation	23	START	1593956819872	1593956819872
REQUEST	23		Get all Emp	1593956819873	1593956819881	OK	 
USER	Basic Load Simulation	24	START	1593956819971	1593956819971
REQUEST	24		Get all Emp	1593956819972	1593956819979	OK	 
USER	Basic Load Simulation	25	START	1593956820074	1593956820074
REQUEST	25		Get all Emp	1593956820075	1593956820085	OK	 
USER	Basic Load Simulation	26	START	1593956820173	1593956820173
REQUEST	26		Get all Emp	1593956820174	1593956820180	OK	 
USER	Basic Load Simulation	27	START	1593956820272	1593956820272
REQUEST	27		Get all Emp	1593956820272	1593956820276	OK	 
USER	Basic Load Simulation	28	START	1593956820373	1593956820373
REQUEST	28		Get all Emp	1593956820374	1593956820381	OK	 
USER	Basic Load Simulation	29	START	1593956820473	1593956820473
REQUEST	29		Get all Emp	1593956820474	1593956820488	OK	 
USER	Basic Load Simulation	30	START	1593956820573	1593956820573
REQUEST	30		Get all Emp	1593956820574	1593956820583	OK	 
USER	Basic Load Simulation	31	START	1593956820673	1593956820673
REQUEST	31		Get all Emp	1593956820674	1593956820684	OK	 
USER	Basic Load Simulation	32	START	1593956820772	1593956820772
REQUEST	32		Get all Emp	1593956820774	1593956820781	OK	 
USER	Basic Load Simulation	33	START	1593956820873	1593956820873
REQUEST	33		Get all Emp	1593956820874	1593956820882	OK	 
USER	Basic Load Simulation	34	START	1593956820971	1593956820971
REQUEST	34		Get all Emp	1593956820974	1593956820980	OK	 
USER	Basic Load Simulation	35	START	1593956821070	1593956821070
REQUEST	35		Get all Emp	1593956821071	1593956821076	OK	 
USER	Basic Load Simulation	36	START	1593956821170	1593956821170
REQUEST	36		Get all Emp	1593956821171	1593956821177	OK	 
USER	Basic Load Simulation	37	START	1593956821272	1593956821272
REQUEST	37		Get all Emp	1593956821273	1593956821281	OK	 
USER	Basic Load Simulation	38	START	1593956821373	1593956821373
REQUEST	38		Get all Emp	1593956821373	1593956821381	OK	 
USER	Basic Load Simulation	39	START	1593956821470	1593956821470
REQUEST	39		Get all Emp	1593956821471	1593956821477	OK	 
USER	Basic Load Simulation	40	START	1593956821573	1593956821573
REQUEST	40		Get all Emp	1593956821574	1593956821578	OK	 
USER	Basic Load Simulation	41	START	1593956821671	1593956821671
REQUEST	41		Get all Emp	1593956821672	1593956821679	OK	 
USER	Basic Load Simulation	42	START	1593956821773	1593956821773
REQUEST	42		Get all Emp	1593956821774	1593956821785	OK	 
USER	Basic Load Simulation	43	START	1593956821872	1593956821872
REQUEST	43		Get all Emp	1593956821873	1593956821880	OK	 
USER	Basic Load Simulation	44	START	1593956821972	1593956821972
REQUEST	44		Get all Emp	1593956821974	1593956821986	OK	 
USER	Basic Load Simulation	45	START	1593956822073	1593956822073
REQUEST	45		Get all Emp	1593956822074	1593956822081	OK	 
USER	Basic Load Simulation	46	START	1593956822172	1593956822172
REQUEST	46		Get all Emp	1593956822173	1593956822180	OK	 
USER	Basic Load Simulation	47	START	1593956822272	1593956822272
REQUEST	47		Get all Emp	1593956822273	1593956822281	OK	 
USER	Basic Load Simulation	48	START	1593956822373	1593956822373
REQUEST	48		Get all Emp	1593956822374	1593956822382	OK	 
USER	Basic Load Simulation	49	START	1593956822471	1593956822471
REQUEST	49		Get all Emp	1593956822472	1593956822482	OK	 
USER	Basic Load Simulation	50	START	1593956822572	1593956822572
REQUEST	50		Get all Emp	1593956822573	1593956822581	OK	 
USER	Basic Load Simulation	51	START	1593956822672	1593956822672
REQUEST	51		Get all Emp	1593956822673	1593956822680	OK	 
USER	Basic Load Simulation	52	START	1593956822773	1593956822773
REQUEST	52		Get all Emp	1593956822774	1593956822782	OK	 
REQUEST	1		Get Specific Emp	1593956822853	1593956822871	OK	 
USER	Basic Load Simulation	53	START	1593956822874	1593956822874
REQUEST	2		Get Specific Emp	1593956822874	1593956822877	OK	 
REQUEST	53		Get all Emp	1593956822874	1593956822878	OK	 
REQUEST	3		Get Specific Emp	1593956822961	1593956822967	OK	 
USER	Basic Load Simulation	54	START	1593956822972	1593956822972
REQUEST	54		Get all Emp	1593956822973	1593956822981	OK	 
REQUEST	4		Get Specific Emp	1593956823062	1593956823066	OK	 
USER	Basic Load Simulation	55	START	1593956823071	1593956823071
REQUEST	55		Get all Emp	1593956823072	1593956823092	OK	 
REQUEST	5		Get Specific Emp	1593956823164	1593956823170	OK	 
USER	Basic Load Simulation	56	START	1593956823172	1593956823172
REQUEST	56		Get all Emp	1593956823173	1593956823185	OK	 
USER	Basic Load Simulation	57	START	1593956823272	1593956823272
REQUEST	6		Get Specific Emp	1593956823261	1593956823273	OK	 
REQUEST	57		Get all Emp	1593956823273	1593956823279	OK	 
REQUEST	7		Get Specific Emp	1593956823361	1593956823367	OK	 
USER	Basic Load Simulation	58	START	1593956823371	1593956823371
REQUEST	58		Get all Emp	1593956823372	1593956823375	OK	 
REQUEST	8		Get Specific Emp	1593956823451	1593956823458	OK	 
USER	Basic Load Simulation	59	START	1593956823471	1593956823471
REQUEST	59		Get all Emp	1593956823472	1593956823490	OK	 
REQUEST	9		Get Specific Emp	1593956823551	1593956823558	OK	 
USER	Basic Load Simulation	60	START	1593956823573	1593956823573
REQUEST	60		Get all Emp	1593956823574	1593956823593	OK	 
REQUEST	10		Get Specific Emp	1593956823662	1593956823665	OK	 
USER	Basic Load Simulation	61	START	1593956823672	1593956823672
REQUEST	61		Get all Emp	1593956823672	1593956823690	OK	 
REQUEST	11		Get Specific Emp	1593956823751	1593956823757	OK	 
USER	Basic Load Simulation	62	START	1593956823774	1593956823774
REQUEST	62		Get all Emp	1593956823775	1593956823785	OK	 
REQUEST	12		Get Specific Emp	1593956823792	1593956823797	OK	 
USER	Basic Load Simulation	63	START	1593956823871	1593956823871
REQUEST	63		Get all Emp	1593956823871	1593956823880	OK	 
REQUEST	13		Get Specific Emp	1593956823891	1593956823899	OK	 
USER	Basic Load Simulation	64	START	1593956823972	1593956823972
REQUEST	64		Get all Emp	1593956823972	1593956823986	OK	 
REQUEST	14		Get Specific Emp	1593956824001	1593956824007	OK	 
USER	Basic Load Simulation	65	START	1593956824073	1593956824073
REQUEST	65		Get all Emp	1593956824074	1593956824084	OK	 
REQUEST	15		Get Specific Emp	1593956824102	1593956824104	OK	 
USER	Basic Load Simulation	66	START	1593956824171	1593956824171
REQUEST	66		Get all Emp	1593956824172	1593956824196	OK	 
REQUEST	16		Get Specific Emp	1593956824204	1593956824209	OK	 
USER	Basic Load Simulation	67	START	1593956824273	1593956824273
REQUEST	67		Get all Emp	1593956824274	1593956824283	OK	 
REQUEST	17		Get Specific Emp	1593956824292	1593956824294	OK	 
USER	Basic Load Simulation	68	START	1593956824371	1593956824371
REQUEST	68		Get all Emp	1593956824372	1593956824382	OK	 
REQUEST	18		Get Specific Emp	1593956824392	1593956824397	OK	 
USER	Basic Load Simulation	69	START	1593956824473	1593956824473
REQUEST	69		Get all Emp	1593956824474	1593956824481	OK	 
REQUEST	19		Get Specific Emp	1593956824491	1593956824502	OK	 
USER	Basic Load Simulation	70	START	1593956824572	1593956824572
REQUEST	70		Get all Emp	1593956824573	1593956824581	OK	 
REQUEST	20		Get Specific Emp	1593956824593	1593956824597	OK	 
USER	Basic Load Simulation	71	START	1593956824673	1593956824673
REQUEST	71		Get all Emp	1593956824674	1593956824679	OK	 
REQUEST	21		Get Specific Emp	1593956824691	1593956824696	OK	 
USER	Basic Load Simulation	72	START	1593956824773	1593956824773
REQUEST	72		Get all Emp	1593956824774	1593956824780	OK	 
REQUEST	22		Get Specific Emp	1593956824793	1593956824797	OK	 
USER	Basic Load Simulation	73	START	1593956824872	1593956824872
REQUEST	73		Get all Emp	1593956824873	1593956824877	OK	 
REQUEST	23		Get Specific Emp	1593956824902	1593956824905	OK	 
USER	Basic Load Simulation	74	START	1593956824971	1593956824971
REQUEST	74		Get all Emp	1593956824972	1593956824978	OK	 
REQUEST	24		Get Specific Emp	1593956824991	1593956825000	OK	 
USER	Basic Load Simulation	75	START	1593956825073	1593956825073
REQUEST	75		Get all Emp	1593956825074	1593956825080	OK	 
REQUEST	25		Get Specific Emp	1593956825103	1593956825107	OK	 
USER	Basic Load Simulation	76	START	1593956825173	1593956825173
REQUEST	76		Get all Emp	1593956825174	1593956825179	OK	 
REQUEST	26		Get Specific Emp	1593956825203	1593956825207	OK	 
USER	Basic Load Simulation	77	START	1593956825273	1593956825273
REQUEST	77		Get all Emp	1593956825274	1593956825277	OK	 
REQUEST	27		Get Specific Emp	1593956825292	1593956825296	OK	 
USER	Basic Load Simulation	78	START	1593956825373	1593956825373
REQUEST	78		Get all Emp	1593956825374	1593956825379	OK	 
REQUEST	28		Get Specific Emp	1593956825393	1593956825398	OK	 
USER	Basic Load Simulation	79	START	1593956825473	1593956825473
REQUEST	79		Get all Emp	1593956825474	1593956825477	OK	 
REQUEST	29		Get Specific Emp	1593956825503	1593956825511	OK	 
USER	Basic Load Simulation	80	START	1593956825571	1593956825571
REQUEST	80		Get all Emp	1593956825572	1593956825579	OK	 
REQUEST	30		Get Specific Emp	1593956825601	1593956825606	OK	 
USER	Basic Load Simulation	81	START	1593956825671	1593956825671
REQUEST	81		Get all Emp	1593956825672	1593956825678	OK	 
REQUEST	31		Get Specific Emp	1593956825702	1593956825708	OK	 
USER	Basic Load Simulation	82	START	1593956825771	1593956825771
REQUEST	82		Get all Emp	1593956825772	1593956825776	OK	 
REQUEST	32		Get Specific Emp	1593956825802	1593956825805	OK	 
USER	Basic Load Simulation	83	START	1593956825871	1593956825871
REQUEST	83		Get all Emp	1593956825872	1593956825877	OK	 
REQUEST	33		Get Specific Emp	1593956825901	1593956825903	OK	 
USER	Basic Load Simulation	84	START	1593956825972	1593956825972
REQUEST	84		Get all Emp	1593956825973	1593956825979	OK	 
REQUEST	34		Get Specific Emp	1593956826002	1593956826005	OK	 
USER	Basic Load Simulation	85	START	1593956826070	1593956826070
REQUEST	85		Get all Emp	1593956826071	1593956826075	OK	 
REQUEST	35		Get Specific Emp	1593956826092	1593956826095	OK	 
USER	Basic Load Simulation	86	START	1593956826172	1593956826172
REQUEST	86		Get all Emp	1593956826173	1593956826181	OK	 
REQUEST	36		Get Specific Emp	1593956826192	1593956826194	OK	 
USER	Basic Load Simulation	87	START	1593956826273	1593956826273
REQUEST	87		Get all Emp	1593956826274	1593956826280	OK	 
REQUEST	37		Get Specific Emp	1593956826303	1593956826311	OK	 
USER	Basic Load Simulation	88	START	1593956826372	1593956826372
REQUEST	88		Get all Emp	1593956826372	1593956826376	OK	 
REQUEST	38		Get Specific Emp	1593956826403	1593956826407	OK	 
USER	Basic Load Simulation	89	START	1593956826473	1593956826473
REQUEST	89		Get all Emp	1593956826474	1593956826479	OK	 
REQUEST	39		Get Specific Emp	1593956826493	1593956826497	OK	 
USER	Basic Load Simulation	90	START	1593956826571	1593956826571
REQUEST	90		Get all Emp	1593956826572	1593956826576	OK	 
REQUEST	40		Get Specific Emp	1593956826594	1593956826600	OK	 
USER	Basic Load Simulation	91	START	1593956826671	1593956826671
REQUEST	91		Get all Emp	1593956826672	1593956826678	OK	 
REQUEST	41		Get Specific Emp	1593956826694	1593956826703	OK	 
USER	Basic Load Simulation	92	START	1593956826772	1593956826772
REQUEST	92		Get all Emp	1593956826773	1593956826782	OK	 
REQUEST	42		Get Specific Emp	1593956826802	1593956826804	OK	 
USER	Basic Load Simulation	93	START	1593956826872	1593956826872
REQUEST	93		Get all Emp	1593956826873	1593956826879	OK	 
REQUEST	43		Get Specific Emp	1593956826891	1593956826894	OK	 
USER	Basic Load Simulation	94	START	1593956826973	1593956826973
REQUEST	94		Get all Emp	1593956826973	1593956826980	OK	 
REQUEST	44		Get Specific Emp	1593956827002	1593956827005	OK	 
USER	Basic Load Simulation	95	START	1593956827071	1593956827071
REQUEST	95		Get all Emp	1593956827072	1593956827080	OK	 
REQUEST	45		Get Specific Emp	1593956827103	1593956827108	OK	 
USER	Basic Load Simulation	96	START	1593956827173	1593956827173
REQUEST	96		Get all Emp	1593956827174	1593956827179	OK	 
REQUEST	46		Get Specific Emp	1593956827201	1593956827205	OK	 
USER	Basic Load Simulation	97	START	1593956827274	1593956827274
REQUEST	97		Get all Emp	1593956827274	1593956827281	OK	 
REQUEST	47		Get Specific Emp	1593956827302	1593956827306	OK	 
USER	Basic Load Simulation	98	START	1593956827371	1593956827371
REQUEST	98		Get all Emp	1593956827372	1593956827377	OK	 
REQUEST	48		Get Specific Emp	1593956827403	1593956827406	OK	 
USER	Basic Load Simulation	99	START	1593956827473	1593956827473
REQUEST	99		Get all Emp	1593956827473	1593956827482	OK	 
REQUEST	49		Get Specific Emp	1593956827501	1593956827504	OK	 
USER	Basic Load Simulation	100	START	1593956827572	1593956827572
REQUEST	100		Get all Emp	1593956827572	1593956827579	OK	 
REQUEST	50		Get Specific Emp	1593956827601	1593956827603	OK	 
USER	Basic Load Simulation	101	START	1593956827672	1593956827672
REQUEST	101		Get all Emp	1593956827673	1593956827679	OK	 
REQUEST	51		Get Specific Emp	1593956827691	1593956827695	OK	 
REQUEST	52		Get Specific Emp	1593956827803	1593956827810	OK	 
REQUEST	1		Get all Emp	1593956827862	1593956827868	OK	 
USER	Basic Load Simulation	1	END	1593956817672	1593956827873
REQUEST	2		Get all Emp	1593956827871	1593956827873	OK	 
USER	Basic Load Simulation	2	END	1593956817832	1593956827874
REQUEST	53		Get Specific Emp	1593956827892	1593956827897	OK	 
REQUEST	3		Get all Emp	1593956827973	1593956827977	OK	 
USER	Basic Load Simulation	3	END	1593956817931	1593956827977
REQUEST	54		Get Specific Emp	1593956828003	1593956828006	OK	 
REQUEST	4		Get all Emp	1593956828064	1593956828068	OK	 
USER	Basic Load Simulation	4	END	1593956818033	1593956828068
REQUEST	55		Get Specific Emp	1593956828113	1593956828116	OK	 
REQUEST	5		Get all Emp	1593956828164	1593956828168	OK	 
USER	Basic Load Simulation	5	END	1593956818133	1593956828168
REQUEST	56		Get Specific Emp	1593956828204	1593956828208	OK	 
REQUEST	6		Get all Emp	1593956828273	1593956828278	OK	 
USER	Basic Load Simulation	6	END	1593956818232	1593956828278
REQUEST	57		Get Specific Emp	1593956828292	1593956828296	OK	 
REQUEST	7		Get all Emp	1593956828363	1593956828367	OK	 
USER	Basic Load Simulation	7	END	1593956818332	1593956828368
REQUEST	58		Get Specific Emp	1593956828393	1593956828401	OK	 
REQUEST	8		Get all Emp	1593956828464	1593956828471	OK	 
USER	Basic Load Simulation	8	END	1593956818430	1593956828472
REQUEST	59		Get Specific Emp	1593956828514	1593956828520	OK	 
REQUEST	9		Get all Emp	1593956828564	1593956828566	OK	 
USER	Basic Load Simulation	9	END	1593956818531	1593956828567
REQUEST	60		Get Specific Emp	1593956828614	1593956828617	OK	 
USER	Basic Load Simulation	102	START	1593956828672	1593956828672
REQUEST	10		Get all Emp	1593956828672	1593956828677	OK	 
USER	Basic Load Simulation	10	END	1593956818633	1593956828678
REQUEST	102		Get all Emp	1593956828672	1593956828680	OK	 
REQUEST	61		Get Specific Emp	1593956828701	1593956828706	OK	 
REQUEST	11		Get all Emp	1593956828762	1593956828767	OK	 
USER	Basic Load Simulation	11	END	1593956818731	1593956828768
REQUEST	62		Get Specific Emp	1593956828803	1593956828805	OK	 
REQUEST	12		Get all Emp	1593956828803	1593956828806	OK	 
USER	Basic Load Simulation	12	END	1593956818754	1593956828807
REQUEST	63		Get Specific Emp	1593956828893	1593956828896	OK	 
REQUEST	13		Get all Emp	1593956828901	1593956828903	OK	 
USER	Basic Load Simulation	13	END	1593956818872	1593956828904
REQUEST	64		Get Specific Emp	1593956829003	1593956829008	OK	 
REQUEST	14		Get all Emp	1593956829012	1593956829020	OK	 
USER	Basic Load Simulation	14	END	1593956818972	1593956829021
REQUEST	65		Get Specific Emp	1593956829104	1593956829112	OK	 
REQUEST	15		Get all Emp	1593956829104	1593956829112	OK	 
USER	Basic Load Simulation	15	END	1593956819071	1593956829113
REQUEST	16		Get all Emp	1593956829203	1593956829206	OK	 
USER	Basic Load Simulation	16	END	1593956819172	1593956829206
REQUEST	66		Get Specific Emp	1593956829211	1593956829216	OK	 
REQUEST	17		Get all Emp	1593956829301	1593956829305	OK	 
USER	Basic Load Simulation	17	END	1593956819271	1593956829306
REQUEST	67		Get Specific Emp	1593956829301	1593956829308	OK	 
REQUEST	68		Get Specific Emp	1593956829402	1593956829406	OK	 
REQUEST	18		Get all Emp	1593956829402	1593956829407	OK	 
USER	Basic Load Simulation	18	END	1593956819371	1593956829408
REQUEST	69		Get Specific Emp	1593956829503	1593956829508	OK	 
REQUEST	19		Get all Emp	1593956829512	1593956829519	OK	 
USER	Basic Load Simulation	19	END	1593956819471	1593956829519
REQUEST	70		Get Specific Emp	1593956829602	1593956829607	OK	 
REQUEST	20		Get all Emp	1593956829602	1593956829611	OK	 
USER	Basic Load Simulation	20	END	1593956819573	1593956829612
USER	Basic Load Simulation	103	START	1593956829670	1593956829670
REQUEST	103		Get all Emp	1593956829672	1593956829680	OK	 
REQUEST	71		Get Specific Emp	1593956829691	1593956829695	OK	 
REQUEST	21		Get all Emp	1593956829704	1593956829712	OK	 
USER	Basic Load Simulation	21	END	1593956819673	1593956829712
REQUEST	72		Get Specific Emp	1593956829792	1593956829798	OK	 
REQUEST	22		Get all Emp	1593956829802	1593956829810	OK	 
USER	Basic Load Simulation	22	END	1593956819773	1593956829810
REQUEST	73		Get Specific Emp	1593956829893	1593956829903	OK	 
REQUEST	23		Get all Emp	1593956829902	1593956829904	OK	 
USER	Basic Load Simulation	23	END	1593956819872	1593956829904
REQUEST	74		Get Specific Emp	1593956829993	1593956830000	OK	 
REQUEST	24		Get all Emp	1593956830003	1593956830007	OK	 
USER	Basic Load Simulation	24	END	1593956819971	1593956830008
REQUEST	75		Get Specific Emp	1593956830092	1593956830098	OK	 
REQUEST	25		Get all Emp	1593956830113	1593956830119	OK	 
USER	Basic Load Simulation	25	END	1593956820074	1593956830119
REQUEST	76		Get Specific Emp	1593956830192	1593956830196	OK	 
REQUEST	26		Get all Emp	1593956830201	1593956830204	OK	 
USER	Basic Load Simulation	26	END	1593956820173	1593956830204
REQUEST	77		Get Specific Emp	1593956830294	1593956830300	OK	 
REQUEST	27		Get all Emp	1593956830303	1593956830308	OK	 
USER	Basic Load Simulation	27	END	1593956820272	1593956830308
REQUEST	78		Get Specific Emp	1593956830394	1593956830399	OK	 
REQUEST	28		Get all Emp	1593956830404	1593956830413	OK	 
USER	Basic Load Simulation	28	END	1593956820373	1593956830413
REQUEST	79		Get Specific Emp	1593956830492	1593956830496	OK	 
REQUEST	29		Get all Emp	1593956830514	1593956830519	OK	 
USER	Basic Load Simulation	29	END	1593956820473	1593956830520
REQUEST	80		Get Specific Emp	1593956830593	1593956830596	OK	 
REQUEST	30		Get all Emp	1593956830614	1593956830620	OK	 
USER	Basic Load Simulation	30	END	1593956820573	1593956830620
USER	Basic Load Simulation	104	START	1593956830673	1593956830673
REQUEST	104		Get all Emp	1593956830674	1593956830681	OK	 
REQUEST	81		Get Specific Emp	1593956830692	1593956830695	OK	 
REQUEST	31		Get all Emp	1593956830712	1593956830719	OK	 
USER	Basic Load Simulation	31	END	1593956820673	1593956830720
REQUEST	82		Get Specific Emp	1593956830793	1593956830796	OK	 
REQUEST	32		Get all Emp	1593956830804	1593956830808	OK	 
USER	Basic Load Simulation	32	END	1593956820772	1593956830808
REQUEST	83		Get Specific Emp	1593956830891	1593956830894	OK	 
REQUEST	33		Get all Emp	1593956830915	1593956830918	OK	 
USER	Basic Load Simulation	33	END	1593956820873	1593956830919
REQUEST	84		Get Specific Emp	1593956830992	1593956830996	OK	 
REQUEST	34		Get all Emp	1593956831001	1593956831004	OK	 
USER	Basic Load Simulation	34	END	1593956820971	1593956831005
REQUEST	85		Get Specific Emp	1593956831092	1593956831094	OK	 
REQUEST	35		Get all Emp	1593956831101	1593956831106	OK	 
USER	Basic Load Simulation	35	END	1593956821070	1593956831106
USER	Basic Load Simulation	105	START	1593956831171	1593956831171
REQUEST	105		Get all Emp	1593956831172	1593956831178	OK	 
REQUEST	86		Get Specific Emp	1593956831193	1593956831195	OK	 
REQUEST	36		Get all Emp	1593956831201	1593956831204	OK	 
USER	Basic Load Simulation	36	END	1593956821170	1593956831205
REQUEST	87		Get Specific Emp	1593956831291	1593956831296	OK	 
REQUEST	37		Get all Emp	1593956831301	1593956831304	OK	 
USER	Basic Load Simulation	37	END	1593956821272	1593956831305
REQUEST	88		Get Specific Emp	1593956831391	1593956831397	OK	 
REQUEST	38		Get all Emp	1593956831401	1593956831404	OK	 
USER	Basic Load Simulation	38	END	1593956821373	1593956831404
REQUEST	89		Get Specific Emp	1593956831495	1593956831503	OK	 
REQUEST	39		Get all Emp	1593956831503	1593956831507	OK	 
USER	Basic Load Simulation	39	END	1593956821470	1593956831508
REQUEST	90		Get Specific Emp	1593956831591	1593956831597	OK	 
REQUEST	40		Get all Emp	1593956831601	1593956831605	OK	 
USER	Basic Load Simulation	40	END	1593956821573	1593956831606
USER	Basic Load Simulation	106	START	1593956831671	1593956831671
REQUEST	106		Get all Emp	1593956831672	1593956831676	OK	 
REQUEST	91		Get Specific Emp	1593956831693	1593956831696	OK	 
REQUEST	41		Get all Emp	1593956831721	1593956831749	OK	 
USER	Basic Load Simulation	41	END	1593956821671	1593956831751
REQUEST	92		Get Specific Emp	1593956831803	1593956831811	OK	 
REQUEST	42		Get all Emp	1593956831811	1593956831814	OK	 
USER	Basic Load Simulation	42	END	1593956821773	1593956831815
REQUEST	93		Get Specific Emp	1593956831894	1593956831901	OK	 
REQUEST	43		Get all Emp	1593956831901	1593956831909	OK	 
USER	Basic Load Simulation	43	END	1593956821872	1593956831909
REQUEST	94		Get Specific Emp	1593956831994	1593956832001	OK	 
REQUEST	44		Get all Emp	1593956832012	1593956832024	OK	 
USER	Basic Load Simulation	44	END	1593956821972	1593956832025
REQUEST	95		Get Specific Emp	1593956832091	1593956832093	OK	 
REQUEST	45		Get all Emp	1593956832102	1593956832105	OK	 
USER	Basic Load Simulation	45	END	1593956822073	1593956832105
USER	Basic Load Simulation	107	START	1593956832171	1593956832171
REQUEST	107		Get all Emp	1593956832172	1593956832177	OK	 
REQUEST	96		Get Specific Emp	1593956832193	1593956832197	OK	 
REQUEST	46		Get all Emp	1593956832203	1593956832206	OK	 
USER	Basic Load Simulation	46	END	1593956822172	1593956832206
REQUEST	97		Get Specific Emp	1593956832304	1593956832307	OK	 
REQUEST	47		Get all Emp	1593956832304	1593956832337	OK	 
USER	Basic Load Simulation	47	END	1593956822272	1593956832337
REQUEST	98		Get Specific Emp	1593956832392	1593956832403	OK	 
REQUEST	48		Get all Emp	1593956832402	1593956832433	OK	 
USER	Basic Load Simulation	48	END	1593956822373	1593956832435
REQUEST	99		Get Specific Emp	1593956832501	1593956832504	OK	 
REQUEST	49		Get all Emp	1593956832511	1593956832515	OK	 
USER	Basic Load Simulation	49	END	1593956822471	1593956832515
REQUEST	100		Get Specific Emp	1593956832592	1593956832598	OK	 
REQUEST	50		Get all Emp	1593956832603	1593956832609	OK	 
USER	Basic Load Simulation	50	END	1593956822572	1593956832610
USER	Basic Load Simulation	108	START	1593956832673	1593956832673
REQUEST	108		Get all Emp	1593956832674	1593956832679	OK	 
REQUEST	101		Get Specific Emp	1593956832693	1593956832698	OK	 
REQUEST	51		Get all Emp	1593956832701	1593956832704	OK	 
USER	Basic Load Simulation	51	END	1593956822672	1593956832704
REQUEST	52		Get all Emp	1593956832801	1593956832805	OK	 
USER	Basic Load Simulation	52	END	1593956822773	1593956832805
REQUEST	53		Get all Emp	1593956832905	1593956832913	OK	 
USER	Basic Load Simulation	53	END	1593956822874	1593956832913
REQUEST	54		Get all Emp	1593956833003	1593956833006	OK	 
USER	Basic Load Simulation	54	END	1593956822972	1593956833007
REQUEST	55		Get all Emp	1593956833112	1593956833115	OK	 
USER	Basic Load Simulation	55	END	1593956823071	1593956833115
USER	Basic Load Simulation	109	START	1593956833171	1593956833171
REQUEST	109		Get all Emp	1593956833171	1593956833176	OK	 
REQUEST	56		Get all Emp	1593956833211	1593956833213	OK	 
USER	Basic Load Simulation	56	END	1593956823172	1593956833214
REQUEST	57		Get all Emp	1593956833301	1593956833308	OK	 
USER	Basic Load Simulation	57	END	1593956823272	1593956833308
REQUEST	58		Get all Emp	1593956833411	1593956833414	OK	 
USER	Basic Load Simulation	58	END	1593956823371	1593956833414
REQUEST	59		Get all Emp	1593956833511	1593956833516	OK	 
USER	Basic Load Simulation	59	END	1593956823471	1593956833516
REQUEST	60		Get all Emp	1593956833612	1593956833619	OK	 
USER	Basic Load Simulation	60	END	1593956823573	1593956833620
USER	Basic Load Simulation	110	START	1593956833674	1593956833674
REQUEST	110		Get all Emp	1593956833674	1593956833682	OK	 
REQUEST	102		Get Specific Emp	1593956833693	1593956833701	OK	 
REQUEST	61		Get all Emp	1593956833711	1593956833714	OK	 
USER	Basic Load Simulation	61	END	1593956823672	1593956833714
REQUEST	62		Get all Emp	1593956833811	1593956833820	OK	 
USER	Basic Load Simulation	62	END	1593956823774	1593956833820
REQUEST	63		Get all Emp	1593956833901	1593956833908	OK	 
USER	Basic Load Simulation	63	END	1593956823871	1593956833908
REQUEST	64		Get all Emp	1593956834013	1593956834020	OK	 
USER	Basic Load Simulation	64	END	1593956823972	1593956834020
REQUEST	65		Get all Emp	1593956834124	1593956834130	OK	 
USER	Basic Load Simulation	65	END	1593956824073	1593956834131
USER	Basic Load Simulation	111	START	1593956834171	1593956834171
REQUEST	111		Get all Emp	1593956834172	1593956834176	OK	 
REQUEST	66		Get all Emp	1593956834223	1593956834228	OK	 
USER	Basic Load Simulation	66	END	1593956824171	1593956834228
REQUEST	67		Get all Emp	1593956834312	1593956834317	OK	 
USER	Basic Load Simulation	67	END	1593956824273	1593956834317
REQUEST	68		Get all Emp	1593956834403	1593956834412	OK	 
USER	Basic Load Simulation	68	END	1593956824371	1593956834412
REQUEST	69		Get all Emp	1593956834502	1593956834505	OK	 
USER	Basic Load Simulation	69	END	1593956824473	1593956834506
REQUEST	70		Get all Emp	1593956834602	1593956834608	OK	 
USER	Basic Load Simulation	70	END	1593956824572	1593956834609
USER	Basic Load Simulation	112	START	1593956834672	1593956834672
REQUEST	112		Get all Emp	1593956834673	1593956834680	OK	 
REQUEST	103		Get Specific Emp	1593956834691	1593956834697	OK	 
REQUEST	71		Get all Emp	1593956834703	1593956834709	OK	 
USER	Basic Load Simulation	71	END	1593956824673	1593956834710
REQUEST	72		Get all Emp	1593956834802	1593956834807	OK	 
USER	Basic Load Simulation	72	END	1593956824773	1593956834808
REQUEST	73		Get all Emp	1593956834911	1593956834915	OK	 
USER	Basic Load Simulation	73	END	1593956824872	1593956834916
REQUEST	74		Get all Emp	1593956835001	1593956835012	OK	 
USER	Basic Load Simulation	113	START	1593956835011	1593956835011
USER	Basic Load Simulation	74	END	1593956824971	1593956835012
REQUEST	113		Get all Emp	1593956835012	1593956835015	OK	 
REQUEST	75		Get all Emp	1593956835103	1593956835109	OK	 
USER	Basic Load Simulation	75	END	1593956825073	1593956835109
REQUEST	76		Get all Emp	1593956835201	1593956835209	OK	 
USER	Basic Load Simulation	76	END	1593956825173	1593956835209
REQUEST	77		Get all Emp	1593956835301	1593956835307	OK	 
USER	Basic Load Simulation	77	END	1593956825273	1593956835308
USER	Basic Load Simulation	114	START	1593956835341	1593956835341
REQUEST	114		Get all Emp	1593956835342	1593956835346	OK	 
REQUEST	78		Get all Emp	1593956835401	1593956835410	OK	 
USER	Basic Load Simulation	78	END	1593956825373	1593956835410
REQUEST	79		Get all Emp	1593956835504	1593956835512	OK	 
USER	Basic Load Simulation	79	END	1593956825473	1593956835513
REQUEST	80		Get all Emp	1593956835601	1593956835606	OK	 
USER	Basic Load Simulation	80	END	1593956825571	1593956835607
USER	Basic Load Simulation	115	START	1593956835673	1593956835673
REQUEST	115		Get all Emp	1593956835674	1593956835693	OK	 
REQUEST	104		Get Specific Emp	1593956835692	1593956835700	OK	 
REQUEST	81		Get all Emp	1593956835703	1593956835708	OK	 
USER	Basic Load Simulation	81	END	1593956825671	1593956835708
REQUEST	82		Get all Emp	1593956835802	1593956835804	OK	 
USER	Basic Load Simulation	82	END	1593956825771	1593956835805
REQUEST	83		Get all Emp	1593956835902	1593956835904	OK	 
USER	Basic Load Simulation	83	END	1593956825871	1593956835905
REQUEST	84		Get all Emp	1593956836002	1593956836010	OK	 
USER	Basic Load Simulation	84	END	1593956825972	1593956836010
USER	Basic Load Simulation	116	START	1593956836010	1593956836010
REQUEST	116		Get all Emp	1593956836011	1593956836017	OK	 
REQUEST	85		Get all Emp	1593956836102	1593956836104	OK	 
USER	Basic Load Simulation	85	END	1593956826070	1593956836105
REQUEST	105		Get Specific Emp	1593956836193	1593956836199	OK	 
REQUEST	86		Get all Emp	1593956836201	1593956836207	OK	 
USER	Basic Load Simulation	86	END	1593956826172	1593956836207
REQUEST	87		Get all Emp	1593956836303	1593956836306	OK	 
USER	Basic Load Simulation	87	END	1593956826273	1593956836306
USER	Basic Load Simulation	117	START	1593956836341	1593956836341
REQUEST	117		Get all Emp	1593956836341	1593956836344	OK	 
REQUEST	88		Get all Emp	1593956836401	1593956836403	OK	 
USER	Basic Load Simulation	88	END	1593956826372	1593956836404
REQUEST	89		Get all Emp	1593956836512	1593956836515	OK	 
USER	Basic Load Simulation	89	END	1593956826473	1593956836516
REQUEST	90		Get all Emp	1593956836602	1593956836607	OK	 
USER	Basic Load Simulation	90	END	1593956826571	1593956836607
USER	Basic Load Simulation	118	START	1593956836674	1593956836674
REQUEST	118		Get all Emp	1593956836675	1593956836678	OK	 
REQUEST	106		Get Specific Emp	1593956836692	1593956836702	OK	 
REQUEST	91		Get all Emp	1593956836702	1593956836704	OK	 
USER	Basic Load Simulation	91	END	1593956826671	1593956836704
REQUEST	92		Get all Emp	1593956836812	1593956836816	OK	 
USER	Basic Load Simulation	92	END	1593956826772	1593956836817
REQUEST	93		Get all Emp	1593956836913	1593956836915	OK	 
USER	Basic Load Simulation	93	END	1593956826872	1593956836916
USER	Basic Load Simulation	119	START	1593956837012	1593956837012
REQUEST	94		Get all Emp	1593956837013	1593956837016	OK	 
USER	Basic Load Simulation	94	END	1593956826973	1593956837017
REQUEST	119		Get all Emp	1593956837013	1593956837022	OK	 
REQUEST	95		Get all Emp	1593956837104	1593956837110	OK	 
USER	Basic Load Simulation	95	END	1593956827071	1593956837110
REQUEST	107		Get Specific Emp	1593956837192	1593956837194	OK	 
REQUEST	96		Get all Emp	1593956837201	1593956837203	OK	 
USER	Basic Load Simulation	96	END	1593956827173	1593956837203
REQUEST	97		Get all Emp	1593956837303	1593956837308	OK	 
USER	Basic Load Simulation	97	END	1593956827274	1593956837308
USER	Basic Load Simulation	120	START	1593956837343	1593956837343
REQUEST	120		Get all Emp	1593956837343	1593956837350	OK	 
REQUEST	98		Get all Emp	1593956837412	1593956837415	OK	 
USER	Basic Load Simulation	98	END	1593956827371	1593956837416
REQUEST	99		Get all Emp	1593956837511	1593956837519	OK	 
USER	Basic Load Simulation	99	END	1593956827473	1593956837520
REQUEST	100		Get all Emp	1593956837601	1593956837604	OK	 
USER	Basic Load Simulation	100	END	1593956827572	1593956837604
USER	Basic Load Simulation	121	START	1593956837671	1593956837671
REQUEST	121		Get all Emp	1593956837671	1593956837675	OK	 
REQUEST	108		Get Specific Emp	1593956837693	1593956837695	OK	 
REQUEST	101		Get all Emp	1593956837703	1593956837711	OK	 
USER	Basic Load Simulation	101	END	1593956827672	1593956837712
USER	Basic Load Simulation	122	START	1593956838011	1593956838011
REQUEST	122		Get all Emp	1593956838011	1593956838017	OK	 
REQUEST	109		Get Specific Emp	1593956838193	1593956838196	OK	 
USER	Basic Load Simulation	123	START	1593956838342	1593956838342
REQUEST	123		Get all Emp	1593956838343	1593956838352	OK	 
USER	Basic Load Simulation	124	START	1593956838673	1593956838673
REQUEST	124		Get all Emp	1593956838674	1593956838679	OK	 
REQUEST	102		Get all Emp	1593956838703	1593956838706	OK	 
USER	Basic Load Simulation	102	END	1593956828672	1593956838707
REQUEST	110		Get Specific Emp	1593956838703	1593956838707	OK	 
USER	Basic Load Simulation	125	START	1593956839001	1593956839001
REQUEST	125		Get all Emp	1593956839003	1593956839013	OK	 
REQUEST	111		Get Specific Emp	1593956839193	1593956839198	OK	 
USER	Basic Load Simulation	126	START	1593956839342	1593956839342
REQUEST	126		Get all Emp	1593956839345	1593956839350	OK	 
USER	Basic Load Simulation	127	START	1593956839673	1593956839673
REQUEST	127		Get all Emp	1593956839674	1593956839679	OK	 
REQUEST	112		Get Specific Emp	1593956839691	1593956839697	OK	 
REQUEST	103		Get all Emp	1593956839701	1593956839705	OK	 
USER	Basic Load Simulation	103	END	1593956829670	1593956839705
USER	Basic Load Simulation	128	START	1593956840011	1593956840011
REQUEST	128		Get all Emp	1593956840012	1593956840020	OK	 
REQUEST	113		Get Specific Emp	1593956840031	1593956840045	OK	 
USER	Basic Load Simulation	129	START	1593956840343	1593956840343
REQUEST	129		Get all Emp	1593956840343	1593956840350	OK	 
REQUEST	114		Get Specific Emp	1593956840362	1593956840366	OK	 
USER	Basic Load Simulation	130	START	1593956840672	1593956840672
REQUEST	130		Get all Emp	1593956840673	1593956840676	OK	 
REQUEST	104		Get all Emp	1593956840703	1593956840713	OK	 
USER	Basic Load Simulation	104	END	1593956830673	1593956840713
REQUEST	115		Get Specific Emp	1593956840711	1593956840716	OK	 
USER	Basic Load Simulation	131	START	1593956840923	1593956840923
REQUEST	131		Get all Emp	1593956840924	1593956840937	OK	 
REQUEST	116		Get Specific Emp	1593956841034	1593956841042	OK	 
USER	Basic Load Simulation	132	START	1593956841176	1593956841176
REQUEST	132		Get all Emp	1593956841177	1593956841185	OK	 
REQUEST	105		Get all Emp	1593956841201	1593956841206	OK	 
USER	Basic Load Simulation	105	END	1593956831171	1593956841206
REQUEST	117		Get Specific Emp	1593956841364	1593956841374	OK	 
USER	Basic Load Simulation	133	START	1593956841422	1593956841422
REQUEST	133		Get all Emp	1593956841423	1593956841430	OK	 
USER	Basic Load Simulation	134	START	1593956841672	1593956841672
REQUEST	134		Get all Emp	1593956841673	1593956841682	OK	 
REQUEST	118		Get Specific Emp	1593956841693	1593956841702	OK	 
REQUEST	106		Get all Emp	1593956841711	1593956841715	OK	 
USER	Basic Load Simulation	106	END	1593956831671	1593956841716
USER	Basic Load Simulation	135	START	1593956841923	1593956841923
REQUEST	135		Get all Emp	1593956841924	1593956841930	OK	 
REQUEST	119		Get Specific Emp	1593956842042	1593956842046	OK	 
USER	Basic Load Simulation	136	START	1593956842173	1593956842173
REQUEST	136		Get all Emp	1593956842173	1593956842182	OK	 
REQUEST	107		Get all Emp	1593956842204	1593956842208	OK	 
USER	Basic Load Simulation	107	END	1593956832171	1593956842208
REQUEST	120		Get Specific Emp	1593956842364	1593956842375	OK	 
USER	Basic Load Simulation	137	START	1593956842422	1593956842422
REQUEST	137		Get all Emp	1593956842423	1593956842431	OK	 
USER	Basic Load Simulation	138	START	1593956842671	1593956842671
REQUEST	138		Get all Emp	1593956842672	1593956842682	OK	 
REQUEST	121		Get Specific Emp	1593956842692	1593956842696	OK	 
REQUEST	108		Get all Emp	1593956842703	1593956842707	OK	 
USER	Basic Load Simulation	108	END	1593956832673	1593956842707
USER	Basic Load Simulation	139	START	1593956842922	1593956842922
REQUEST	139		Get all Emp	1593956842922	1593956842934	OK	 
REQUEST	122		Get Specific Emp	1593956843031	1593956843036	OK	 
USER	Basic Load Simulation	140	START	1593956843173	1593956843173
REQUEST	140		Get all Emp	1593956843174	1593956843182	OK	 
REQUEST	109		Get all Emp	1593956843201	1593956843209	OK	 
USER	Basic Load Simulation	109	END	1593956833171	1593956843210
REQUEST	123		Get Specific Emp	1593956843372	1593956843378	OK	 
USER	Basic Load Simulation	141	START	1593956843424	1593956843424
REQUEST	141		Get all Emp	1593956843424	1593956843431	OK	 
USER	Basic Load Simulation	142	START	1593956843671	1593956843671
REQUEST	142		Get all Emp	1593956843673	1593956843682	OK	 
REQUEST	124		Get Specific Emp	1593956843693	1593956843698	OK	 
REQUEST	110		Get all Emp	1593956843701	1593956843704	OK	 
USER	Basic Load Simulation	110	END	1593956833674	1593956843705
USER	Basic Load Simulation	143	START	1593956843923	1593956843923
REQUEST	143		Get all Emp	1593956843923	1593956843929	OK	 
REQUEST	125		Get Specific Emp	1593956844032	1593956844040	OK	 
USER	Basic Load Simulation	144	START	1593956844171	1593956844171
REQUEST	144		Get all Emp	1593956844172	1593956844182	OK	 
REQUEST	111		Get all Emp	1593956844203	1593956844220	OK	 
USER	Basic Load Simulation	111	END	1593956834171	1593956844221
REQUEST	126		Get Specific Emp	1593956844361	1593956844368	OK	 
USER	Basic Load Simulation	145	START	1593956844423	1593956844423
REQUEST	145		Get all Emp	1593956844424	1593956844430	OK	 
USER	Basic Load Simulation	146	START	1593956844672	1593956844672
REQUEST	146		Get all Emp	1593956844672	1593956844681	OK	 
REQUEST	127		Get Specific Emp	1593956844693	1593956844696	OK	 
REQUEST	112		Get all Emp	1593956844703	1593956844708	OK	 
USER	Basic Load Simulation	112	END	1593956834672	1593956844709
USER	Basic Load Simulation	147	START	1593956844872	1593956844872
REQUEST	147		Get all Emp	1593956844872	1593956844878	OK	 
REQUEST	128		Get Specific Emp	1593956845032	1593956845037	OK	 
REQUEST	113		Get all Emp	1593956845052	1593956845058	OK	 
USER	Basic Load Simulation	113	END	1593956835011	1593956845059
USER	Basic Load Simulation	148	START	1593956845073	1593956845073
REQUEST	148		Get all Emp	1593956845073	1593956845080	OK	 
USER	Basic Load Simulation	149	START	1593956845272	1593956845272
REQUEST	149		Get all Emp	1593956845273	1593956845284	OK	 
REQUEST	129		Get Specific Emp	1593956845361	1593956845365	OK	 
REQUEST	114		Get all Emp	1593956845374	1593956845384	OK	 
USER	Basic Load Simulation	114	END	1593956835341	1593956845385
USER	Basic Load Simulation	150	START	1593956845472	1593956845472
REQUEST	150		Get all Emp	1593956845473	1593956845485	OK	 
USER	Basic Load Simulation	151	START	1593956845673	1593956845673
REQUEST	151		Get all Emp	1593956845673	1593956845688	OK	 
REQUEST	130		Get Specific Emp	1593956845694	1593956845700	OK	 
REQUEST	115		Get all Emp	1593956845724	1593956845726	OK	 
USER	Basic Load Simulation	115	END	1593956835673	1593956845727
USER	Basic Load Simulation	152	START	1593956845872	1593956845872
REQUEST	152		Get all Emp	1593956845873	1593956845882	OK	 
REQUEST	131		Get Specific Emp	1593956845953	1593956845959	OK	 
REQUEST	116		Get all Emp	1593956846051	1593956846061	OK	 
USER	Basic Load Simulation	116	END	1593956836010	1593956846061
USER	Basic Load Simulation	153	START	1593956846071	1593956846071
REQUEST	153		Get all Emp	1593956846072	1593956846077	OK	 
REQUEST	132		Get Specific Emp	1593956846203	1593956846209	OK	 
USER	Basic Load Simulation	154	START	1593956846273	1593956846273
REQUEST	154		Get all Emp	1593956846273	1593956846278	OK	 
REQUEST	117		Get all Emp	1593956846372	1593956846380	OK	 
USER	Basic Load Simulation	117	END	1593956836341	1593956846380
REQUEST	133		Get Specific Emp	1593956846441	1593956846447	OK	 
USER	Basic Load Simulation	155	START	1593956846473	1593956846473
REQUEST	155		Get all Emp	1593956846473	1593956846483	OK	 
USER	Basic Load Simulation	156	START	1593956846671	1593956846671
REQUEST	156		Get all Emp	1593956846671	1593956846677	OK	 
REQUEST	134		Get Specific Emp	1593956846703	1593956846710	OK	 
REQUEST	118		Get all Emp	1593956846712	1593956846718	OK	 
USER	Basic Load Simulation	118	END	1593956836674	1593956846719
USER	Basic Load Simulation	157	START	1593956846872	1593956846872
REQUEST	157		Get all Emp	1593956846872	1593956846877	OK	 
REQUEST	135		Get Specific Emp	1593956846942	1593956846946	OK	 
REQUEST	119		Get all Emp	1593956847051	1593956847061	OK	 
USER	Basic Load Simulation	119	END	1593956837012	1593956847061
USER	Basic Load Simulation	158	START	1593956847071	1593956847071
REQUEST	158		Get all Emp	1593956847071	1593956847074	OK	 
REQUEST	136		Get Specific Emp	1593956847202	1593956847207	OK	 
USER	Basic Load Simulation	159	START	1593956847273	1593956847273
REQUEST	159		Get all Emp	1593956847273	1593956847278	OK	 
REQUEST	120		Get all Emp	1593956847381	1593956847391	OK	 
USER	Basic Load Simulation	120	END	1593956837343	1593956847391
REQUEST	137		Get Specific Emp	1593956847441	1593956847447	OK	 
USER	Basic Load Simulation	160	START	1593956847472	1593956847472
REQUEST	160		Get all Emp	1593956847473	1593956847477	OK	 
REQUEST	121		Get all Emp	1593956847701	1593956847711	OK	 
USER	Basic Load Simulation	121	END	1593956837671	1593956847711
REQUEST	138		Get Specific Emp	1593956847701	1593956847713	OK	 
REQUEST	139		Get Specific Emp	1593956847953	1593956847966	OK	 
REQUEST	122		Get all Emp	1593956848041	1593956848043	OK	 
USER	Basic Load Simulation	122	END	1593956838011	1593956848044
REQUEST	140		Get Specific Emp	1593956848204	1593956848211	OK	 
REQUEST	123		Get all Emp	1593956848383	1593956848390	OK	 
USER	Basic Load Simulation	123	END	1593956838342	1593956848390
REQUEST	141		Get Specific Emp	1593956848443	1593956848446	OK	 
REQUEST	124		Get all Emp	1593956848703	1593956848715	OK	 
USER	Basic Load Simulation	124	END	1593956838673	1593956848716
REQUEST	142		Get Specific Emp	1593956848703	1593956848716	OK	 
REQUEST	143		Get Specific Emp	1593956848941	1593956848955	OK	 
REQUEST	125		Get all Emp	1593956849041	1593956849045	OK	 
USER	Basic Load Simulation	125	END	1593956839001	1593956849046
REQUEST	144		Get Specific Emp	1593956849203	1593956849208	OK	 
REQUEST	126		Get all Emp	1593956849373	1593956849378	OK	 
USER	Basic Load Simulation	126	END	1593956839342	1593956849378
REQUEST	145		Get Specific Emp	1593956849442	1593956849447	OK	 
REQUEST	146		Get Specific Emp	1593956849691	1593956849697	OK	 
REQUEST	127		Get all Emp	1593956849701	1593956849714	OK	 
USER	Basic Load Simulation	127	END	1593956839673	1593956849715
REQUEST	147		Get Specific Emp	1593956849891	1593956849911	OK	 
REQUEST	128		Get all Emp	1593956850043	1593956850047	OK	 
USER	Basic Load Simulation	128	END	1593956840011	1593956850048
REQUEST	148		Get Specific Emp	1593956850092	1593956850094	OK	 
REQUEST	149		Get Specific Emp	1593956850303	1593956850306	OK	 
REQUEST	129		Get all Emp	1593956850373	1593956850383	OK	 
USER	Basic Load Simulation	129	END	1593956840343	1593956850383
REQUEST	150		Get Specific Emp	1593956850502	1593956850507	OK	 
REQUEST	151		Get Specific Emp	1593956850703	1593956850709	OK	 
REQUEST	130		Get all Emp	1593956850703	1593956850713	OK	 
USER	Basic Load Simulation	130	END	1593956840672	1593956850714
REQUEST	152		Get Specific Emp	1593956850901	1593956850905	OK	 
REQUEST	131		Get all Emp	1593956850961	1593956850964	OK	 
USER	Basic Load Simulation	131	END	1593956840923	1593956850965
REQUEST	153		Get Specific Emp	1593956851091	1593956851094	OK	 
REQUEST	132		Get all Emp	1593956851211	1593956851213	OK	 
USER	Basic Load Simulation	132	END	1593956841176	1593956851213
REQUEST	154		Get Specific Emp	1593956851294	1593956851296	OK	 
REQUEST	133		Get all Emp	1593956851451	1593956851453	OK	 
USER	Basic Load Simulation	133	END	1593956841422	1593956851454
REQUEST	155		Get Specific Emp	1593956851504	1593956851506	OK	 
REQUEST	156		Get Specific Emp	1593956851692	1593956851697	OK	 
REQUEST	134		Get all Emp	1593956851701	1593956851706	OK	 
USER	Basic Load Simulation	134	END	1593956841672	1593956851707
REQUEST	157		Get Specific Emp	1593956851892	1593956851898	OK	 
REQUEST	135		Get all Emp	1593956851953	1593956851955	OK	 
USER	Basic Load Simulation	135	END	1593956841923	1593956851956
REQUEST	158		Get Specific Emp	1593956852092	1593956852097	OK	 
REQUEST	136		Get all Emp	1593956852203	1593956852210	OK	 
USER	Basic Load Simulation	136	END	1593956842173	1593956852210
REQUEST	159		Get Specific Emp	1593956852291	1593956852296	OK	 
REQUEST	137		Get all Emp	1593956852451	1593956852454	OK	 
USER	Basic Load Simulation	137	END	1593956842422	1593956852454
REQUEST	160		Get Specific Emp	1593956852492	1593956852494	OK	 
REQUEST	138		Get all Emp	1593956852723	1593956852725	OK	 
USER	Basic Load Simulation	138	END	1593956842671	1593956852726
REQUEST	139		Get all Emp	1593956852971	1593956852975	OK	 
USER	Basic Load Simulation	139	END	1593956842922	1593956852976
REQUEST	140		Get all Emp	1593956853201	1593956853203	OK	 
USER	Basic Load Simulation	140	END	1593956843173	1593956853204
REQUEST	141		Get all Emp	1593956853451	1593956853456	OK	 
USER	Basic Load Simulation	141	END	1593956843424	1593956853456
REQUEST	142		Get all Emp	1593956853712	1593956853719	OK	 
USER	Basic Load Simulation	142	END	1593956843671	1593956853720
REQUEST	143		Get all Emp	1593956853962	1593956853965	OK	 
USER	Basic Load Simulation	143	END	1593956843923	1593956853966
REQUEST	144		Get all Emp	1593956854202	1593956854212	OK	 
USER	Basic Load Simulation	144	END	1593956844171	1593956854213
REQUEST	145		Get all Emp	1593956854453	1593956854458	OK	 
USER	Basic Load Simulation	145	END	1593956844423	1593956854458
REQUEST	146		Get all Emp	1593956854701	1593956854706	OK	 
USER	Basic Load Simulation	146	END	1593956844672	1593956854707
REQUEST	147		Get all Emp	1593956854922	1593956854928	OK	 
USER	Basic Load Simulation	147	END	1593956844872	1593956854928
REQUEST	148		Get all Emp	1593956855102	1593956855109	OK	 
USER	Basic Load Simulation	148	END	1593956845073	1593956855109
REQUEST	149		Get all Emp	1593956855313	1593956855318	OK	 
USER	Basic Load Simulation	149	END	1593956845272	1593956855319
REQUEST	150		Get all Emp	1593956855513	1593956855520	OK	 
USER	Basic Load Simulation	150	END	1593956845472	1593956855521
REQUEST	151		Get all Emp	1593956855713	1593956855716	OK	 
USER	Basic Load Simulation	151	END	1593956845673	1593956855716
REQUEST	152		Get all Emp	1593956855913	1593956855919	OK	 
USER	Basic Load Simulation	152	END	1593956845872	1593956855920
REQUEST	153		Get all Emp	1593956856102	1593956856109	OK	 
USER	Basic Load Simulation	153	END	1593956846071	1593956856109
REQUEST	154		Get all Emp	1593956856304	1593956856311	OK	 
USER	Basic Load Simulation	154	END	1593956846273	1593956856311
REQUEST	155		Get all Emp	1593956856501	1593956856504	OK	 
USER	Basic Load Simulation	155	END	1593956846473	1593956856504
REQUEST	156		Get all Emp	1593956856702	1593956856710	OK	 
USER	Basic Load Simulation	156	END	1593956846671	1593956856710
REQUEST	157		Get all Emp	1593956856901	1593956856908	OK	 
USER	Basic Load Simulation	157	END	1593956846872	1593956856909
REQUEST	158		Get all Emp	1593956857102	1593956857107	OK	 
USER	Basic Load Simulation	158	END	1593956847071	1593956857107
REQUEST	159		Get all Emp	1593956857302	1593956857307	OK	 
USER	Basic Load Simulation	159	END	1593956847273	1593956857308
REQUEST	160		Get all Emp	1593956857503	1593956857511	OK	 
USER	Basic Load Simulation	160	END	1593956847472	1593956857511
