RUN	simulations.BasicLoadSimulation	basicloadsimulation	1593956450079	 	3.3.1
USER	Basic Load Simulation	2	START	1593956457465	1593956457465
USER	Basic Load Simulation	5	START	1593956457465	1593956457465
USER	Basic Load Simulation	3	START	1593956457465	1593956457465
USER	Basic Load Simulation	4	START	1593956457465	1593956457465
USER	Basic Load Simulation	1	START	1593956457465	1593956457465
USER	Basic Load Simulation	6	START	1593956457474	1593956457474
REQUEST	4		Get all Emp	1593956457626	1593956457810	OK	 
REQUEST	5		Get all Emp	1593956457628	1593956457807	OK	 
REQUEST	6		Get all Emp	1593956457626	1593956457807	OK	 
REQUEST	2		Get all Emp	1593956457627	1593956457807	OK	 
REQUEST	1		Get all Emp	1593956457626	1593956457808	OK	 
REQUEST	3		Get all Emp	1593956457627	1593956457828	OK	 
USER	Basic Load Simulation	7	START	1593956458463	1593956458463
REQUEST	7		Get all Emp	1593956458465	1593956458475	OK	 
USER	Basic Load Simulation	8	START	1593956459464	1593956459464
REQUEST	8		Get all Emp	1593956459465	1593956459473	OK	 
USER	Basic Load Simulation	9	START	1593956460463	1593956460463
REQUEST	9		Get all Emp	1593956460464	1593956460480	OK	 
USER	Basic Load Simulation	10	START	1593956461464	1593956461464
REQUEST	10		Get all Emp	1593956461468	1593956461540	OK	 
USER	Basic Load Simulation	11	START	1593956462464	1593956462464
REQUEST	11		Get all Emp	1593956462465	1593956462480	OK	 
REQUEST	6		Get Specific Emp	1593956462835	1593956462862	OK	 
REQUEST	1		Get Specific Emp	1593956462836	1593956462862	OK	 
REQUEST	4		Get Specific Emp	1593956462835	1593956462862	OK	 
REQUEST	2		Get Specific Emp	1593956462835	1593956462863	OK	 
REQUEST	5		Get Specific Emp	1593956462836	1593956462863	OK	 
REQUEST	3		Get Specific Emp	1593956462855	1593956462872	OK	 
USER	Basic Load Simulation	12	START	1593956463463	1593956463463
REQUEST	12		Get all Emp	1593956463465	1593956463476	OK	 
REQUEST	7		Get Specific Emp	1593956463498	1593956463507	OK	 
USER	Basic Load Simulation	13	START	1593956464464	1593956464464
REQUEST	13		Get all Emp	1593956464467	1593956464484	OK	 
REQUEST	8		Get Specific Emp	1593956464496	1593956464550	OK	 
USER	Basic Load Simulation	14	START	1593956465463	1593956465463
REQUEST	14		Get all Emp	1593956465464	1593956465471	OK	 
REQUEST	9		Get Specific Emp	1593956465493	1593956465505	OK	 
USER	Basic Load Simulation	15	START	1593956466463	1593956466463
REQUEST	15		Get all Emp	1593956466469	1593956466479	OK	 
REQUEST	10		Get Specific Emp	1593956466555	1593956466559	OK	 
REQUEST	11		Get Specific Emp	1593956467495	1593956467507	OK	 
REQUEST	6		Get all Emp	1593956467867	1593956467919	OK	 
REQUEST	3		Get all Emp	1593956467868	1593956467922	OK	 
REQUEST	1		Get all Emp	1593956467866	1593956467924	OK	 
REQUEST	4		Get all Emp	1593956467866	1593956467926	OK	 
REQUEST	2		Get all Emp	1593956467867	1593956467926	OK	 
REQUEST	5		Get all Emp	1593956467867	1593956467928	OK	 
USER	Basic Load Simulation	6	END	1593956457474	1593956467998
USER	Basic Load Simulation	2	END	1593956457465	1593956467998
USER	Basic Load Simulation	5	END	1593956457465	1593956467999
USER	Basic Load Simulation	4	END	1593956457465	1593956467998
USER	Basic Load Simulation	3	END	1593956457465	1593956467999
USER	Basic Load Simulation	1	END	1593956457465	1593956468005
REQUEST	12		Get Specific Emp	1593956468494	1593956468510	OK	 
REQUEST	7		Get all Emp	1593956468504	1593956468574	OK	 
USER	Basic Load Simulation	7	END	1593956458463	1593956468576
REQUEST	13		Get Specific Emp	1593956469506	1593956469512	OK	 
REQUEST	8		Get all Emp	1593956469543	1593956469553	OK	 
USER	Basic Load Simulation	8	END	1593956459464	1593956469554
REQUEST	14		Get Specific Emp	1593956470484	1593956470492	OK	 
REQUEST	9		Get all Emp	1593956470513	1593956470519	OK	 
USER	Basic Load Simulation	9	END	1593956460463	1593956470520
REQUEST	15		Get Specific Emp	1593956471495	1593956471499	OK	 
REQUEST	10		Get all Emp	1593956471564	1593956471567	OK	 
USER	Basic Load Simulation	10	END	1593956461464	1593956471569
REQUEST	11		Get all Emp	1593956472513	1593956472519	OK	 
USER	Basic Load Simulation	11	END	1593956462464	1593956472520
REQUEST	12		Get all Emp	1593956473514	1593956473521	OK	 
USER	Basic Load Simulation	12	END	1593956463463	1593956473521
REQUEST	13		Get all Emp	1593956474505	1593956474511	OK	 
USER	Basic Load Simulation	13	END	1593956464464	1593956474514
REQUEST	14		Get all Emp	1593956475494	1593956475501	OK	 
USER	Basic Load Simulation	14	END	1593956465463	1593956475502
REQUEST	15		Get all Emp	1593956476503	1593956476507	OK	 
USER	Basic Load Simulation	15	END	1593956466463	1593956476507
