RUN	simulations.FixedDurationLoadSimulation	fixeddurationloadsimulation	1593957475906	 	3.3.1
USER	Fixed Duration Load Simulation	10	START	1593957483278	1593957483278
USER	Fixed Duration Load Simulation	3	START	1593957483276	1593957483276
USER	Fixed Duration Load Simulation	2	START	1593957483273	1593957483273
USER	Fixed Duration Load Simulation	1	START	1593957483274	1593957483274
USER	Fixed Duration Load Simulation	6	START	1593957483276	1593957483276
USER	Fixed Duration Load Simulation	8	START	1593957483278	1593957483278
USER	Fixed Duration Load Simulation	11	START	1593957483283	1593957483283
USER	Fixed Duration Load Simulation	4	START	1593957483274	1593957483274
USER	Fixed Duration Load Simulation	7	START	1593957483276	1593957483276
USER	Fixed Duration Load Simulation	5	START	1593957483275	1593957483275
USER	Fixed Duration Load Simulation	9	START	1593957483279	1593957483279
REQUEST	3		Get all Emp	1593957483386	1593957483504	OK	 
REQUEST	5		Get all Emp	1593957483382	1593957483495	OK	 
REQUEST	9		Get all Emp	1593957483382	1593957483481	OK	 
REQUEST	4		Get all Emp	1593957483383	1593957483502	OK	 
REQUEST	7		Get all Emp	1593957483382	1593957483481	OK	 
REQUEST	6		Get all Emp	1593957483386	1593957483480	OK	 
REQUEST	8		Get all Emp	1593957483382	1593957483493	OK	 
REQUEST	1		Get all Emp	1593957483387	1593957483549	OK	 
REQUEST	11		Get all Emp	1593957483384	1593957483549	OK	 
REQUEST	2		Get all Emp	1593957483382	1593957483479	OK	 
REQUEST	10		Get all Emp	1593957483383	1593957483553	OK	 
USER	Fixed Duration Load Simulation	12	START	1593957483762	1593957483762
REQUEST	12		Get all Emp	1593957483763	1593957483774	OK	 
USER	Fixed Duration Load Simulation	13	START	1593957484263	1593957484263
REQUEST	13		Get all Emp	1593957484264	1593957484271	OK	 
USER	Fixed Duration Load Simulation	14	START	1593957484774	1593957484774
REQUEST	14		Get all Emp	1593957484775	1593957484781	OK	 
USER	Fixed Duration Load Simulation	15	START	1593957485272	1593957485272
REQUEST	15		Get all Emp	1593957485273	1593957485279	OK	 
USER	Fixed Duration Load Simulation	16	START	1593957486273	1593957486273
REQUEST	16		Get all Emp	1593957486274	1593957486282	OK	 
USER	Fixed Duration Load Simulation	17	START	1593957486772	1593957486772
REQUEST	17		Get all Emp	1593957486773	1593957486777	OK	 
USER	Fixed Duration Load Simulation	18	START	1593957487273	1593957487273
REQUEST	18		Get all Emp	1593957487274	1593957487279	OK	 
USER	Fixed Duration Load Simulation	19	START	1593957487773	1593957487773
REQUEST	19		Get all Emp	1593957487775	1593957487781	OK	 
USER	Fixed Duration Load Simulation	20	START	1593957488274	1593957488274
REQUEST	20		Get all Emp	1593957488275	1593957488283	OK	 
REQUEST	6		Get Specific Emp	1593957488503	1593957488519	OK	 
REQUEST	7		Get Specific Emp	1593957488503	1593957488524	OK	 
REQUEST	9		Get Specific Emp	1593957488503	1593957488524	OK	 
REQUEST	8		Get Specific Emp	1593957488513	1593957488526	OK	 
REQUEST	2		Get Specific Emp	1593957488503	1593957488525	OK	 
REQUEST	5		Get Specific Emp	1593957488530	1593957488535	OK	 
REQUEST	4		Get Specific Emp	1593957488525	1593957488535	OK	 
REQUEST	3		Get Specific Emp	1593957488533	1593957488553	OK	 
REQUEST	1		Get Specific Emp	1593957488574	1593957488580	OK	 
REQUEST	10		Get Specific Emp	1593957488574	1593957488582	OK	 
REQUEST	11		Get Specific Emp	1593957488574	1593957488582	OK	 
REQUEST	12		Get Specific Emp	1593957488794	1593957488804	OK	 
USER	Fixed Duration Load Simulation	21	START	1593957489273	1593957489273
REQUEST	21		Get all Emp	1593957489274	1593957489285	OK	 
REQUEST	13		Get Specific Emp	1593957489283	1593957489291	OK	 
USER	Fixed Duration Load Simulation	22	START	1593957489773	1593957489773
REQUEST	22		Get all Emp	1593957489774	1593957489783	OK	 
REQUEST	14		Get Specific Emp	1593957489805	1593957489812	OK	 
USER	Fixed Duration Load Simulation	23	START	1593957490275	1593957490275
REQUEST	23		Get all Emp	1593957490276	1593957490283	OK	 
REQUEST	15		Get Specific Emp	1593957490297	1593957490307	OK	 
USER	Fixed Duration Load Simulation	24	START	1593957490772	1593957490772
REQUEST	24		Get all Emp	1593957490772	1593957490777	OK	 
USER	Fixed Duration Load Simulation	25	START	1593957491271	1593957491271
REQUEST	25		Get all Emp	1593957491272	1593957491281	OK	 
REQUEST	16		Get Specific Emp	1593957491303	1593957491308	OK	 
REQUEST	17		Get Specific Emp	1593957491796	1593957491806	OK	 
USER	Fixed Duration Load Simulation	26	START	1593957492272	1593957492272
REQUEST	26		Get all Emp	1593957492273	1593957492285	OK	 
REQUEST	18		Get Specific Emp	1593957492294	1593957492301	OK	 
USER	Fixed Duration Load Simulation	27	START	1593957492774	1593957492774
REQUEST	27		Get all Emp	1593957492776	1593957492789	OK	 
REQUEST	19		Get Specific Emp	1593957492803	1593957492808	OK	 
USER	Fixed Duration Load Simulation	28	START	1593957493272	1593957493272
REQUEST	28		Get all Emp	1593957493273	1593957493281	OK	 
REQUEST	20		Get Specific Emp	1593957493304	1593957493311	OK	 
REQUEST	6		Get all Emp	1593957493514	1593957493520	OK	 
REQUEST	6		Get all Emp	1593957493521	1593957493528	OK	 
REQUEST	2		Get all Emp	1593957493524	1593957493529	OK	 
REQUEST	7		Get all Emp	1593957493524	1593957493531	OK	 
REQUEST	8		Get all Emp	1593957493524	1593957493531	OK	 
REQUEST	9		Get all Emp	1593957493524	1593957493531	OK	 
REQUEST	9		Get all Emp	1593957493531	1593957493536	OK	 
REQUEST	8		Get all Emp	1593957493531	1593957493538	OK	 
REQUEST	2		Get all Emp	1593957493530	1593957493538	OK	 
REQUEST	7		Get all Emp	1593957493531	1593957493541	OK	 
REQUEST	5		Get all Emp	1593957493542	1593957493550	OK	 
REQUEST	4		Get all Emp	1593957493542	1593957493550	OK	 
REQUEST	4		Get all Emp	1593957493550	1593957493554	OK	 
REQUEST	5		Get all Emp	1593957493550	1593957493554	OK	 
REQUEST	3		Get all Emp	1593957493555	1593957493560	OK	 
REQUEST	3		Get all Emp	1593957493560	1593957493567	OK	 
REQUEST	1		Get all Emp	1593957493574	1593957493581	OK	 
REQUEST	11		Get all Emp	1593957493584	1593957493588	OK	 
REQUEST	1		Get all Emp	1593957493582	1593957493589	OK	 
REQUEST	10		Get all Emp	1593957493583	1593957493590	OK	 
REQUEST	11		Get all Emp	1593957493589	1593957493593	OK	 
REQUEST	10		Get all Emp	1593957493590	1593957493597	OK	 
USER	Fixed Duration Load Simulation	29	START	1593957493772	1593957493772
REQUEST	29		Get all Emp	1593957493773	1593957493780	OK	 
REQUEST	12		Get all Emp	1593957493804	1593957493812	OK	 
REQUEST	12		Get all Emp	1593957493813	1593957493820	OK	 
USER	Fixed Duration Load Simulation	30	START	1593957494273	1593957494273
REQUEST	30		Get all Emp	1593957494274	1593957494278	OK	 
REQUEST	13		Get all Emp	1593957494293	1593957494297	OK	 
REQUEST	13		Get all Emp	1593957494297	1593957494300	OK	 
REQUEST	21		Get Specific Emp	1593957494303	1593957494307	OK	 
REQUEST	22		Get Specific Emp	1593957494803	1593957494809	OK	 
REQUEST	14		Get all Emp	1593957494815	1593957494833	OK	 
REQUEST	14		Get all Emp	1593957494834	1593957494842	OK	 
USER	Fixed Duration Load Simulation	31	START	1593957495273	1593957495273
REQUEST	31		Get all Emp	1593957495274	1593957495282	OK	 
REQUEST	23		Get Specific Emp	1593957495304	1593957495314	OK	 
REQUEST	15		Get all Emp	1593957495313	1593957495320	OK	 
REQUEST	15		Get all Emp	1593957495320	1593957495326	OK	 
USER	Fixed Duration Load Simulation	32	START	1593957495773	1593957495773
REQUEST	32		Get all Emp	1593957495774	1593957495783	OK	 
REQUEST	24		Get Specific Emp	1593957495793	1593957495796	OK	 
USER	Fixed Duration Load Simulation	33	START	1593957496272	1593957496272
REQUEST	33		Get all Emp	1593957496273	1593957496278	OK	 
REQUEST	25		Get Specific Emp	1593957496295	1593957496300	OK	 
REQUEST	16		Get all Emp	1593957496304	1593957496306	OK	 
REQUEST	16		Get all Emp	1593957496307	1593957496319	OK	 
USER	Fixed Duration Load Simulation	34	START	1593957496773	1593957496773
REQUEST	34		Get all Emp	1593957496774	1593957496783	OK	 
REQUEST	17		Get all Emp	1593957496812	1593957496817	OK	 
REQUEST	17		Get all Emp	1593957496818	1593957496821	OK	 
USER	Fixed Duration Load Simulation	35	START	1593957497273	1593957497273
REQUEST	35		Get all Emp	1593957497274	1593957497281	OK	 
REQUEST	18		Get all Emp	1593957497304	1593957497309	OK	 
REQUEST	26		Get Specific Emp	1593957497304	1593957497311	OK	 
REQUEST	18		Get all Emp	1593957497310	1593957497314	OK	 
REQUEST	27		Get Specific Emp	1593957497805	1593957497808	OK	 
REQUEST	19		Get all Emp	1593957497805	1593957497811	OK	 
REQUEST	19		Get all Emp	1593957497812	1593957497814	OK	 
USER	Fixed Duration Load Simulation	36	START	1593957498274	1593957498274
REQUEST	36		Get all Emp	1593957498275	1593957498280	OK	 
REQUEST	28		Get Specific Emp	1593957498292	1593957498296	OK	 
REQUEST	20		Get all Emp	1593957498314	1593957498317	OK	 
REQUEST	20		Get all Emp	1593957498318	1593957498320	OK	 
REQUEST	2		Get Specific Emp	1593957498535	1593957498539	OK	 
REQUEST	6		Get Specific Emp	1593957498535	1593957498542	OK	 
REQUEST	8		Get Specific Emp	1593957498542	1593957498550	OK	 
REQUEST	7		Get Specific Emp	1593957498542	1593957498550	OK	 
REQUEST	4		Get Specific Emp	1593957498542	1593957498550	OK	 
REQUEST	9		Get Specific Emp	1593957498542	1593957498550	OK	 
REQUEST	5		Get Specific Emp	1593957498553	1593957498558	OK	 
REQUEST	3		Get Specific Emp	1593957498564	1593957498566	OK	 
REQUEST	10		Get Specific Emp	1593957498593	1593957498596	OK	 
REQUEST	1		Get Specific Emp	1593957498593	1593957498596	OK	 
REQUEST	11		Get Specific Emp	1593957498593	1593957498597	OK	 
USER	Fixed Duration Load Simulation	37	START	1593957498773	1593957498773
REQUEST	37		Get all Emp	1593957498774	1593957498780	OK	 
REQUEST	29		Get Specific Emp	1593957498795	1593957498802	OK	 
REQUEST	12		Get Specific Emp	1593957498812	1593957498817	OK	 
USER	Fixed Duration Load Simulation	38	START	1593957499274	1593957499274
REQUEST	38		Get all Emp	1593957499275	1593957499284	OK	 
REQUEST	30		Get Specific Emp	1593957499294	1593957499297	OK	 
REQUEST	13		Get Specific Emp	1593957499303	1593957499307	OK	 
REQUEST	21		Get all Emp	1593957499314	1593957499323	OK	 
REQUEST	21		Get all Emp	1593957499323	1593957499328	OK	 
USER	Fixed Duration Load Simulation	39	START	1593957499773	1593957499773
REQUEST	39		Get all Emp	1593957499774	1593957499782	OK	 
REQUEST	22		Get all Emp	1593957499813	1593957499817	OK	 
REQUEST	22		Get all Emp	1593957499818	1593957499824	OK	 
REQUEST	14		Get Specific Emp	1593957499833	1593957499836	OK	 
USER	Fixed Duration Load Simulation	40	START	1593957500273	1593957500273
REQUEST	40		Get all Emp	1593957500274	1593957500280	OK	 
REQUEST	31		Get Specific Emp	1593957500303	1593957500309	OK	 
REQUEST	23		Get all Emp	1593957500314	1593957500324	OK	 
REQUEST	23		Get all Emp	1593957500326	1593957500329	OK	 
REQUEST	15		Get Specific Emp	1593957500323	1593957500331	OK	 
REQUEST	24		Get all Emp	1593957500802	1593957500807	OK	 
REQUEST	32		Get Specific Emp	1593957500802	1593957500809	OK	 
REQUEST	24		Get all Emp	1593957500808	1593957500812	OK	 
USER	Fixed Duration Load Simulation	41	START	1593957501272	1593957501272
REQUEST	41		Get all Emp	1593957501273	1593957501281	OK	 
REQUEST	33		Get Specific Emp	1593957501292	1593957501299	OK	 
REQUEST	25		Get all Emp	1593957501305	1593957501310	OK	 
REQUEST	25		Get all Emp	1593957501311	1593957501321	OK	 
REQUEST	16		Get Specific Emp	1593957501324	1593957501327	OK	 
USER	Fixed Duration Load Simulation	42	START	1593957501773	1593957501773
REQUEST	42		Get all Emp	1593957501774	1593957501781	OK	 
REQUEST	34		Get Specific Emp	1593957501803	1593957501807	OK	 
REQUEST	17		Get Specific Emp	1593957501813	1593957501817	OK	 
USER	Fixed Duration Load Simulation	43	START	1593957502273	1593957502273
REQUEST	43		Get all Emp	1593957502274	1593957502280	OK	 
REQUEST	35		Get Specific Emp	1593957502293	1593957502300	OK	 
REQUEST	26		Get all Emp	1593957502312	1593957502320	OK	 
REQUEST	18		Get Specific Emp	1593957502324	1593957502332	OK	 
REQUEST	26		Get all Emp	1593957502321	1593957502333	OK	 
USER	Fixed Duration Load Simulation	44	START	1593957502772	1593957502772
REQUEST	44		Get all Emp	1593957502772	1593957502786	OK	 
REQUEST	19		Get Specific Emp	1593957502840	1593957502845	OK	 
REQUEST	27		Get all Emp	1593957502830	1593957502847	OK	 
REQUEST	27		Get all Emp	1593957502847	1593957502855	OK	 
USER	Fixed Duration Load Simulation	45	START	1593957503273	1593957503273
REQUEST	45		Get all Emp	1593957503274	1593957503283	OK	 
REQUEST	36		Get Specific Emp	1593957503293	1593957503300	OK	 
REQUEST	28		Get all Emp	1593957503302	1593957503309	OK	 
REQUEST	28		Get all Emp	1593957503310	1593957503314	OK	 
REQUEST	20		Get Specific Emp	1593957503313	1593957503317	OK	 
REQUEST	8		Get all Emp	1593957503548	1593957503563	OK	 
REQUEST	2		Get all Emp	1593957503548	1593957503567	OK	 
REQUEST	9		Get all Emp	1593957503548	1593957503569	OK	 
REQUEST	6		Get all Emp	1593957503548	1593957503571	OK	 
REQUEST	7		Get all Emp	1593957503553	1593957503571	OK	 
REQUEST	5		Get all Emp	1593957503553	1593957503572	OK	 
REQUEST	4		Get all Emp	1593957503553	1593957503576	OK	 
REQUEST	8		Get all Emp	1593957503564	1593957503583	OK	 
REQUEST	2		Get all Emp	1593957503568	1593957503583	OK	 
REQUEST	9		Get all Emp	1593957503570	1593957503589	OK	 
REQUEST	5		Get all Emp	1593957503573	1593957503593	OK	 
REQUEST	4		Get all Emp	1593957503576	1593957503601	OK	 
REQUEST	7		Get all Emp	1593957503572	1593957503601	OK	 
REQUEST	6		Get all Emp	1593957503572	1593957503601	OK	 
REQUEST	3		Get all Emp	1593957503575	1593957503602	OK	 
REQUEST	11		Get all Emp	1593957503592	1593957503610	OK	 
REQUEST	1		Get all Emp	1593957503592	1593957503611	OK	 
REQUEST	3		Get all Emp	1593957503603	1593957503612	OK	 
REQUEST	11		Get all Emp	1593957503611	1593957503614	OK	 
REQUEST	10		Get all Emp	1593957503602	1593957503615	OK	 
REQUEST	1		Get all Emp	1593957503611	1593957503617	OK	 
REQUEST	10		Get all Emp	1593957503616	1593957503622	OK	 
REQUEST	37		Get Specific Emp	1593957503794	1593957503803	OK	 
REQUEST	29		Get all Emp	1593957503814	1593957503824	OK	 
REQUEST	12		Get all Emp	1593957503822	1593957503827	OK	 
REQUEST	29		Get all Emp	1593957503824	1593957503831	OK	 
REQUEST	12		Get all Emp	1593957503828	1593957503833	OK	 
USER	Fixed Duration Load Simulation	46	START	1593957504274	1593957504274
REQUEST	46		Get all Emp	1593957504275	1593957504282	OK	 
REQUEST	30		Get all Emp	1593957504302	1593957504306	OK	 
REQUEST	38		Get Specific Emp	1593957504302	1593957504307	OK	 
REQUEST	30		Get all Emp	1593957504306	1593957504309	OK	 
REQUEST	13		Get all Emp	1593957504314	1593957504348	OK	 
REQUEST	13		Get all Emp	1593957504348	1593957504355	OK	 
REQUEST	21		Get Specific Emp	1593957504333	1593957504356	OK	 
USER	Fixed Duration Load Simulation	47	START	1593957504773	1593957504773
REQUEST	47		Get all Emp	1593957504774	1593957504782	OK	 
REQUEST	39		Get Specific Emp	1593957504795	1593957504800	OK	 
REQUEST	22		Get Specific Emp	1593957504824	1593957504827	OK	 
REQUEST	14		Get all Emp	1593957504845	1593957504852	OK	 
REQUEST	14		Get all Emp	1593957504853	1593957504856	OK	 
USER	Fixed Duration Load Simulation	48	START	1593957505274	1593957505274
REQUEST	48		Get all Emp	1593957505275	1593957505283	OK	 
REQUEST	40		Get Specific Emp	1593957505294	1593957505301	OK	 
REQUEST	31		Get all Emp	1593957505302	1593957505308	OK	 
REQUEST	31		Get all Emp	1593957505308	1593957505313	OK	 
REQUEST	23		Get Specific Emp	1593957505324	1593957505330	OK	 
REQUEST	15		Get all Emp	1593957505333	1593957505338	OK	 
REQUEST	15		Get all Emp	1593957505339	1593957505344	OK	 
USER	Fixed Duration Load Simulation	49	START	1593957505773	1593957505773
REQUEST	49		Get all Emp	1593957505774	1593957505780	OK	 
REQUEST	32		Get all Emp	1593957505814	1593957505821	OK	 
REQUEST	24		Get Specific Emp	1593957505815	1593957505822	OK	 
REQUEST	32		Get all Emp	1593957505821	1593957505829	OK	 
USER	Fixed Duration Load Simulation	50	START	1593957506273	1593957506273
REQUEST	50		Get all Emp	1593957506274	1593957506284	OK	 
REQUEST	41		Get Specific Emp	1593957506292	1593957506297	OK	 
REQUEST	33		Get all Emp	1593957506305	1593957506309	OK	 
REQUEST	33		Get all Emp	1593957506309	1593957506313	OK	 
REQUEST	25		Get Specific Emp	1593957506312	1593957506320	OK	 
REQUEST	16		Get all Emp	1593957506323	1593957506328	OK	 
REQUEST	16		Get all Emp	1593957506328	1593957506334	OK	 
REQUEST	42		Get Specific Emp	1593957506793	1593957506802	OK	 
REQUEST	34		Get all Emp	1593957506803	1593957506809	OK	 
REQUEST	34		Get all Emp	1593957506810	1593957506813	OK	 
REQUEST	17		Get all Emp	1593957506824	1593957506828	OK	 
REQUEST	17		Get all Emp	1593957506829	1593957506833	OK	 
USER	Fixed Duration Load Simulation	51	START	1593957507273	1593957507273
REQUEST	51		Get all Emp	1593957507275	1593957507281	OK	 
REQUEST	43		Get Specific Emp	1593957507292	1593957507295	OK	 
REQUEST	35		Get all Emp	1593957507303	1593957507312	OK	 
REQUEST	35		Get all Emp	1593957507313	1593957507319	OK	 
REQUEST	18		Get all Emp	1593957507324	1593957507329	OK	 
REQUEST	18		Get all Emp	1593957507330	1593957507335	OK	 
REQUEST	26		Get Specific Emp	1593957507332	1593957507335	OK	 
USER	Fixed Duration Load Simulation	52	START	1593957507774	1593957507774
REQUEST	52		Get all Emp	1593957507775	1593957507782	OK	 
REQUEST	44		Get Specific Emp	1593957507802	1593957507807	OK	 
REQUEST	19		Get all Emp	1593957507824	1593957507828	OK	 
REQUEST	19		Get all Emp	1593957507829	1593957507835	OK	 
REQUEST	27		Get Specific Emp	1593957507842	1593957507846	OK	 
USER	Fixed Duration Load Simulation	53	START	1593957508273	1593957508273
REQUEST	53		Get all Emp	1593957508274	1593957508285	OK	 
REQUEST	45		Get Specific Emp	1593957508295	1593957508304	OK	 
REQUEST	36		Get all Emp	1593957508302	1593957508308	OK	 
REQUEST	36		Get all Emp	1593957508308	1593957508319	OK	 
REQUEST	28		Get Specific Emp	1593957508325	1593957508332	OK	 
REQUEST	20		Get all Emp	1593957508325	1593957508334	OK	 
REQUEST	20		Get all Emp	1593957508334	1593957508346	OK	 
REQUEST	2		Get Specific Emp	1593957508582	1593957508587	OK	 
REQUEST	6		Get Specific Emp	1593957508582	1593957508591	OK	 
REQUEST	9		Get Specific Emp	1593957508582	1593957508598	OK	 
REQUEST	5		Get Specific Emp	1593957508596	1593957508606	OK	 
REQUEST	4		Get Specific Emp	1593957508596	1593957508606	OK	 
REQUEST	8		Get Specific Emp	1593957508596	1593957508608	OK	 
REQUEST	7		Get Specific Emp	1593957508603	1593957508610	OK	 
REQUEST	3		Get Specific Emp	1593957508603	1593957508614	OK	 
REQUEST	10		Get Specific Emp	1593957508613	1593957508619	OK	 
REQUEST	11		Get Specific Emp	1593957508624	1593957508631	OK	 
REQUEST	1		Get Specific Emp	1593957508624	1593957508632	OK	 
USER	Fixed Duration Load Simulation	54	START	1593957508773	1593957508773
REQUEST	54		Get all Emp	1593957508774	1593957508782	OK	 
REQUEST	37		Get all Emp	1593957508813	1593957508828	OK	 
REQUEST	29		Get Specific Emp	1593957508824	1593957508832	OK	 
REQUEST	37		Get all Emp	1593957508828	1593957508840	OK	 
REQUEST	12		Get Specific Emp	1593957508843	1593957508852	OK	 
USER	Fixed Duration Load Simulation	55	START	1593957509273	1593957509273
REQUEST	55		Get all Emp	1593957509274	1593957509286	OK	 
REQUEST	46		Get Specific Emp	1593957509293	1593957509295	OK	 
REQUEST	30		Get Specific Emp	1593957509305	1593957509314	OK	 
REQUEST	38		Get all Emp	1593957509312	1593957509324	OK	 
REQUEST	38		Get all Emp	1593957509324	1593957509331	OK	 
REQUEST	13		Get Specific Emp	1593957509352	1593957509356	OK	 
REQUEST	21		Get all Emp	1593957509344	1593957509357	OK	 
REQUEST	21		Get all Emp	1593957509358	1593957509366	OK	 
REQUEST	47		Get Specific Emp	1593957509802	1593957509815	OK	 
REQUEST	39		Get all Emp	1593957509802	1593957509816	OK	 
REQUEST	39		Get all Emp	1593957509817	1593957509829	OK	 
REQUEST	22		Get all Emp	1593957509824	1593957509838	OK	 
REQUEST	22		Get all Emp	1593957509838	1593957509847	OK	 
REQUEST	14		Get Specific Emp	1593957509853	1593957509874	OK	 
USER	Fixed Duration Load Simulation	56	START	1593957510272	1593957510272
REQUEST	56		Get all Emp	1593957510273	1593957510292	OK	 
REQUEST	48		Get Specific Emp	1593957510302	1593957510310	OK	 
REQUEST	40		Get all Emp	1593957510302	1593957510312	OK	 
REQUEST	40		Get all Emp	1593957510312	1593957510335	OK	 
REQUEST	31		Get Specific Emp	1593957510333	1593957510349	OK	 
REQUEST	23		Get all Emp	1593957510334	1593957510352	OK	 
REQUEST	15		Get Specific Emp	1593957510343	1593957510356	OK	 
REQUEST	23		Get all Emp	1593957510352	1593957510361	OK	 
USER	Fixed Duration Load Simulation	57	START	1593957510772	1593957510772
REQUEST	57		Get all Emp	1593957510773	1593957510784	OK	 
REQUEST	49		Get Specific Emp	1593957510794	1593957510799	OK	 
REQUEST	24		Get all Emp	1593957510814	1593957510833	OK	 
REQUEST	32		Get Specific Emp	1593957510822	1593957510839	OK	 
REQUEST	24		Get all Emp	1593957510833	1593957510842	OK	 
USER	Fixed Duration Load Simulation	58	START	1593957511272	1593957511272
REQUEST	58		Get all Emp	1593957511272	1593957511283	OK	 
REQUEST	50		Get Specific Emp	1593957511302	1593957511311	OK	 
REQUEST	41		Get all Emp	1593957511302	1593957511326	OK	 
REQUEST	41		Get all Emp	1593957511326	1593957511336	OK	 
REQUEST	33		Get Specific Emp	1593957511325	1593957511337	OK	 
REQUEST	25		Get all Emp	1593957511325	1593957511339	OK	 
REQUEST	25		Get all Emp	1593957511339	1593957511347	OK	 
REQUEST	16		Get Specific Emp	1593957511342	1593957511349	OK	 
USER	Fixed Duration Load Simulation	59	START	1593957511773	1593957511773
REQUEST	59		Get all Emp	1593957511774	1593957511788	OK	 
REQUEST	34		Get Specific Emp	1593957511826	1593957511841	OK	 
REQUEST	17		Get Specific Emp	1593957511833	1593957511847	OK	 
REQUEST	42		Get all Emp	1593957511826	1593957511849	OK	 
REQUEST	42		Get all Emp	1593957511849	1593957511861	OK	 
USER	Fixed Duration Load Simulation	60	START	1593957512273	1593957512273
REQUEST	60		Get all Emp	1593957512274	1593957512284	OK	 
REQUEST	51		Get Specific Emp	1593957512295	1593957512305	OK	 
REQUEST	43		Get all Emp	1593957512302	1593957512312	OK	 
REQUEST	43		Get all Emp	1593957512312	1593957512323	OK	 
REQUEST	35		Get Specific Emp	1593957512322	1593957512329	OK	 
REQUEST	18		Get Specific Emp	1593957512342	1593957512353	OK	 
REQUEST	26		Get all Emp	1593957512342	1593957512354	OK	 
REQUEST	26		Get all Emp	1593957512354	1593957512361	OK	 
REQUEST	52		Get Specific Emp	1593957512804	1593957512823	OK	 
REQUEST	44		Get all Emp	1593957512812	1593957512825	OK	 
REQUEST	44		Get all Emp	1593957512825	1593957512838	OK	 
REQUEST	19		Get Specific Emp	1593957512832	1593957512842	OK	 
REQUEST	27		Get all Emp	1593957512842	1593957512848	OK	 
REQUEST	27		Get all Emp	1593957512848	1593957512860	OK	 
REQUEST	53		Get Specific Emp	1593957513304	1593957513315	OK	 
REQUEST	45		Get all Emp	1593957513313	1593957513324	OK	 
REQUEST	36		Get Specific Emp	1593957513322	1593957513329	OK	 
REQUEST	45		Get all Emp	1593957513325	1593957513333	OK	 
REQUEST	28		Get all Emp	1593957513333	1593957513342	OK	 
REQUEST	20		Get Specific Emp	1593957513342	1593957513352	OK	 
REQUEST	28		Get all Emp	1593957513343	1593957513361	OK	 
REQUEST	2		Get all Emp	1593957513584	1593957513599	OK	 
REQUEST	6		Get all Emp	1593957513592	1593957513601	OK	 
REQUEST	8		Get all Emp	1593957513592	1593957513603	OK	 
REQUEST	2		Get all Emp	1593957513599	1593957513609	OK	 
REQUEST	7		Get all Emp	1593957513602	1593957513609	OK	 
REQUEST	5		Get all Emp	1593957513602	1593957513611	OK	 
REQUEST	9		Get all Emp	1593957513602	1593957513611	OK	 
REQUEST	6		Get all Emp	1593957513602	1593957513616	OK	 
REQUEST	7		Get all Emp	1593957513609	1593957513618	OK	 
REQUEST	8		Get all Emp	1593957513604	1593957513619	OK	 
REQUEST	4		Get all Emp	1593957513611	1593957513620	OK	 
REQUEST	9		Get all Emp	1593957513611	1593957513621	OK	 
REQUEST	5		Get all Emp	1593957513611	1593957513627	OK	 
REQUEST	10		Get all Emp	1593957513622	1593957513629	OK	 
REQUEST	4		Get all Emp	1593957513621	1593957513629	OK	 
REQUEST	3		Get all Emp	1593957513622	1593957513630	OK	 
REQUEST	11		Get all Emp	1593957513622	1593957513632	OK	 
REQUEST	3		Get all Emp	1593957513630	1593957513636	OK	 
REQUEST	10		Get all Emp	1593957513629	1593957513637	OK	 
REQUEST	1		Get all Emp	1593957513632	1593957513639	OK	 
REQUEST	11		Get all Emp	1593957513632	1593957513639	OK	 
REQUEST	1		Get all Emp	1593957513640	1593957513657	OK	 
REQUEST	54		Get Specific Emp	1593957513803	1593957513811	OK	 
REQUEST	37		Get Specific Emp	1593957513833	1593957513843	OK	 
REQUEST	29		Get all Emp	1593957513842	1593957513851	OK	 
REQUEST	12		Get all Emp	1593957513852	1593957513868	OK	 
REQUEST	29		Get all Emp	1593957513852	1593957513868	OK	 
REQUEST	12		Get all Emp	1593957513869	1593957513875	OK	 
REQUEST	46		Get all Emp	1593957514305	1593957514317	OK	 
REQUEST	55		Get Specific Emp	1593957514305	1593957514319	OK	 
REQUEST	46		Get all Emp	1593957514318	1593957514326	OK	 
REQUEST	38		Get Specific Emp	1593957514324	1593957514338	OK	 
REQUEST	30		Get all Emp	1593957514324	1593957514342	OK	 
REQUEST	30		Get all Emp	1593957514342	1593957514357	OK	 
REQUEST	13		Get all Emp	1593957514363	1593957514374	OK	 
REQUEST	21		Get Specific Emp	1593957514373	1593957514382	OK	 
REQUEST	13		Get all Emp	1593957514375	1593957514389	OK	 
REQUEST	47		Get all Emp	1593957514814	1593957514826	OK	 
REQUEST	47		Get all Emp	1593957514827	1593957514838	OK	 
REQUEST	39		Get Specific Emp	1593957514833	1593957514843	OK	 
REQUEST	22		Get Specific Emp	1593957514854	1593957514861	OK	 
REQUEST	14		Get all Emp	1593957514873	1593957514884	OK	 
REQUEST	14		Get all Emp	1593957514884	1593957514896	OK	 
REQUEST	48		Get all Emp	1593957515305	1593957515317	OK	 
REQUEST	56		Get Specific Emp	1593957515312	1593957515325	OK	 
REQUEST	48		Get all Emp	1593957515317	1593957515330	OK	 
REQUEST	31		Get all Emp	1593957515333	1593957515342	OK	 
REQUEST	31		Get all Emp	1593957515342	1593957515348	OK	 
REQUEST	40		Get Specific Emp	1593957515343	1593957515350	OK	 
REQUEST	23		Get Specific Emp	1593957515353	1593957515361	OK	 
REQUEST	15		Get all Emp	1593957515362	1593957515380	OK	 
REQUEST	15		Get all Emp	1593957515380	1593957515391	OK	 
REQUEST	57		Get Specific Emp	1593957515803	1593957515808	OK	 
REQUEST	49		Get all Emp	1593957515803	1593957515815	OK	 
REQUEST	49		Get all Emp	1593957515816	1593957515823	OK	 
REQUEST	32		Get all Emp	1593957515845	1593957515855	OK	 
REQUEST	24		Get Specific Emp	1593957515852	1593957515858	OK	 
REQUEST	32		Get all Emp	1593957515856	1593957515865	OK	 
REQUEST	58		Get Specific Emp	1593957516304	1593957516316	OK	 
REQUEST	50		Get all Emp	1593957516313	1593957516320	OK	 
REQUEST	50		Get all Emp	1593957516321	1593957516330	OK	 
REQUEST	33		Get all Emp	1593957516324	1593957516331	OK	 
REQUEST	33		Get all Emp	1593957516332	1593957516338	OK	 
REQUEST	41		Get Specific Emp	1593957516344	1593957516351	OK	 
REQUEST	16		Get all Emp	1593957516344	1593957516358	OK	 
REQUEST	25		Get Specific Emp	1593957516352	1593957516360	OK	 
REQUEST	16		Get all Emp	1593957516359	1593957516366	OK	 
REQUEST	59		Get Specific Emp	1593957516803	1593957516813	OK	 
REQUEST	34		Get all Emp	1593957516834	1593957516848	OK	 
REQUEST	42		Get Specific Emp	1593957516842	1593957516851	OK	 
REQUEST	17		Get all Emp	1593957516842	1593957516852	OK	 
REQUEST	34		Get all Emp	1593957516848	1593957516858	OK	 
REQUEST	17		Get all Emp	1593957516853	1593957516858	OK	 
REQUEST	60		Get Specific Emp	1593957517303	1593957517313	OK	 
REQUEST	51		Get all Emp	1593957517314	1593957517323	OK	 
REQUEST	51		Get all Emp	1593957517323	1593957517333	OK	 
REQUEST	43		Get Specific Emp	1593957517333	1593957517340	OK	 
REQUEST	35		Get all Emp	1593957517333	1593957517346	OK	 
REQUEST	35		Get all Emp	1593957517347	1593957517354	OK	 
REQUEST	26		Get Specific Emp	1593957517353	1593957517362	OK	 
REQUEST	18		Get all Emp	1593957517353	1593957517368	OK	 
REQUEST	18		Get all Emp	1593957517368	1593957517377	OK	 
REQUEST	52		Get all Emp	1593957517813	1593957517822	OK	 
REQUEST	52		Get all Emp	1593957517822	1593957517830	OK	 
REQUEST	44		Get Specific Emp	1593957517832	1593957517848	OK	 
REQUEST	19		Get all Emp	1593957517844	1593957517853	OK	 
REQUEST	27		Get Specific Emp	1593957517853	1593957517856	OK	 
REQUEST	19		Get all Emp	1593957517854	1593957517868	OK	 
REQUEST	53		Get all Emp	1593957518324	1593957518331	OK	 
REQUEST	45		Get Specific Emp	1593957518332	1593957518343	OK	 
REQUEST	36		Get all Emp	1593957518332	1593957518344	OK	 
REQUEST	53		Get all Emp	1593957518332	1593957518348	OK	 
REQUEST	36		Get all Emp	1593957518344	1593957518357	OK	 
REQUEST	20		Get all Emp	1593957518355	1593957518364	OK	 
REQUEST	20		Get all Emp	1593957518364	1593957518372	OK	 
REQUEST	28		Get Specific Emp	1593957518362	1593957518373	OK	 
REQUEST	2		Get Specific Emp	1593957518603	1593957518615	OK	 
REQUEST	6		Get Specific Emp	1593957518624	1593957518630	OK	 
REQUEST	8		Get Specific Emp	1593957518624	1593957518633	OK	 
REQUEST	9		Get Specific Emp	1593957518624	1593957518634	OK	 
REQUEST	4		Get Specific Emp	1593957518624	1593957518634	OK	 
REQUEST	7		Get Specific Emp	1593957518624	1593957518635	OK	 
REQUEST	5		Get Specific Emp	1593957518624	1593957518637	OK	 
REQUEST	3		Get Specific Emp	1593957518632	1593957518638	OK	 
REQUEST	10		Get Specific Emp	1593957518644	1593957518652	OK	 
REQUEST	11		Get Specific Emp	1593957518644	1593957518659	OK	 
REQUEST	1		Get Specific Emp	1593957518652	1593957518659	OK	 
REQUEST	54		Get all Emp	1593957518814	1593957518823	OK	 
REQUEST	54		Get all Emp	1593957518823	1593957518831	OK	 
REQUEST	37		Get all Emp	1593957518852	1593957518865	OK	 
REQUEST	29		Get Specific Emp	1593957518863	1593957518872	OK	 
REQUEST	37		Get all Emp	1593957518865	1593957518874	OK	 
REQUEST	12		Get Specific Emp	1593957518873	1593957518886	OK	 
REQUEST	46		Get Specific Emp	1593957519324	1593957519328	OK	 
REQUEST	55		Get all Emp	1593957519324	1593957519338	OK	 
REQUEST	55		Get all Emp	1593957519338	1593957519345	OK	 
REQUEST	38		Get all Emp	1593957519342	1593957519350	OK	 
REQUEST	30		Get Specific Emp	1593957519352	1593957519361	OK	 
REQUEST	38		Get all Emp	1593957519350	1593957519364	OK	 
REQUEST	21		Get all Emp	1593957519383	1593957519388	OK	 
REQUEST	13		Get Specific Emp	1593957519383	1593957519392	OK	 
REQUEST	21		Get all Emp	1593957519389	1593957519398	OK	 
REQUEST	47		Get Specific Emp	1593957519842	1593957519849	OK	 
REQUEST	22		Get all Emp	1593957519854	1593957519865	OK	 
REQUEST	39		Get all Emp	1593957519854	1593957519865	OK	 
REQUEST	39		Get all Emp	1593957519866	1593957519872	OK	 
REQUEST	22		Get all Emp	1593957519865	1593957519879	OK	 
REQUEST	14		Get Specific Emp	1593957519904	1593957519910	OK	 
REQUEST	48		Get Specific Emp	1593957520334	1593957520346	OK	 
REQUEST	56		Get all Emp	1593957520334	1593957520348	OK	 
REQUEST	40		Get all Emp	1593957520344	1593957520375	OK	 
REQUEST	31		Get Specific Emp	1593957520354	1593957520376	OK	 
REQUEST	56		Get all Emp	1593957520349	1593957520394	OK	 
REQUEST	23		Get all Emp	1593957520362	1593957520397	OK	 
REQUEST	40		Get all Emp	1593957520376	1593957520410	OK	 
REQUEST	15		Get Specific Emp	1593957520388	1593957520414	OK	 
REQUEST	23		Get all Emp	1593957520398	1593957520420	OK	 
REQUEST	57		Get all Emp	1593957520812	1593957520826	OK	 
REQUEST	57		Get all Emp	1593957520827	1593957520833	OK	 
REQUEST	49		Get Specific Emp	1593957520832	1593957520838	OK	 
REQUEST	24		Get all Emp	1593957520852	1593957520860	OK	 
REQUEST	32		Get Specific Emp	1593957520863	1593957520870	OK	 
REQUEST	24		Get all Emp	1593957520860	1593957520870	OK	 
REQUEST	58		Get all Emp	1593957521314	1593957521328	OK	 
REQUEST	50		Get Specific Emp	1593957521323	1593957521334	OK	 
REQUEST	58		Get all Emp	1593957521328	1593957521336	OK	 
REQUEST	41		Get all Emp	1593957521344	1593957521352	OK	 
REQUEST	33		Get Specific Emp	1593957521344	1593957521353	OK	 
REQUEST	41		Get all Emp	1593957521352	1593957521359	OK	 
REQUEST	16		Get Specific Emp	1593957521363	1593957521374	OK	 
REQUEST	25		Get all Emp	1593957521363	1593957521380	OK	 
REQUEST	25		Get all Emp	1593957521380	1593957521391	OK	 
REQUEST	59		Get all Emp	1593957521823	1593957521835	OK	 
REQUEST	59		Get all Emp	1593957521836	1593957521845	OK	 
REQUEST	42		Get all Emp	1593957521853	1593957521860	OK	 
REQUEST	42		Get all Emp	1593957521861	1593957521867	OK	 
REQUEST	17		Get Specific Emp	1593957521862	1593957521869	OK	 
REQUEST	34		Get Specific Emp	1593957521862	1593957521872	OK	 
REQUEST	60		Get all Emp	1593957522312	1593957522322	OK	 
REQUEST	60		Get all Emp	1593957522322	1593957522330	OK	 
REQUEST	51		Get Specific Emp	1593957522335	1593957522345	OK	 
REQUEST	43		Get all Emp	1593957522335	1593957522346	OK	 
REQUEST	43		Get all Emp	1593957522347	1593957522354	OK	 
REQUEST	35		Get Specific Emp	1593957522353	1593957522365	OK	 
REQUEST	26		Get all Emp	1593957522362	1593957522375	OK	 
REQUEST	18		Get Specific Emp	1593957522373	1593957522379	OK	 
REQUEST	26		Get all Emp	1593957522375	1593957522386	OK	 
REQUEST	52		Get Specific Emp	1593957522834	1593957522844	OK	 
REQUEST	44		Get all Emp	1593957522852	1593957522860	OK	 
REQUEST	44		Get all Emp	1593957522860	1593957522865	OK	 
REQUEST	19		Get Specific Emp	1593957522862	1593957522868	OK	 
REQUEST	27		Get all Emp	1593957522862	1593957522871	OK	 
REQUEST	27		Get all Emp	1593957522872	1593957522880	OK	 
REQUEST	45		Get all Emp	1593957523344	1593957523353	OK	 
REQUEST	53		Get Specific Emp	1593957523344	1593957523354	OK	 
REQUEST	36		Get Specific Emp	1593957523352	1593957523359	OK	 
REQUEST	45		Get all Emp	1593957523353	1593957523363	OK	 
REQUEST	20		Get Specific Emp	1593957523363	1593957523370	OK	 
REQUEST	28		Get all Emp	1593957523363	1593957523374	OK	 
REQUEST	28		Get all Emp	1593957523374	1593957523382	OK	 
REQUEST	2		Get all Emp	1593957523624	1593957523634	OK	 
REQUEST	3		Get all Emp	1593957523632	1593957523641	OK	 
REQUEST	6		Get all Emp	1593957523632	1593957523640	OK	 
REQUEST	9		Get all Emp	1593957523632	1593957523643	OK	 
REQUEST	8		Get all Emp	1593957523632	1593957523645	OK	 
REQUEST	2		Get all Emp	1593957523634	1593957523649	OK	 
REQUEST	3		Get all Emp	1593957523641	1593957523650	OK	 
REQUEST	5		Get all Emp	1593957523642	1593957523650	OK	 
REQUEST	7		Get all Emp	1593957523642	1593957523651	OK	 
REQUEST	8		Get all Emp	1593957523645	1593957523652	OK	 
REQUEST	9		Get all Emp	1593957523643	1593957523656	OK	 
REQUEST	4		Get all Emp	1593957523642	1593957523657	OK	 
REQUEST	7		Get all Emp	1593957523651	1593957523658	OK	 
REQUEST	6		Get all Emp	1593957523641	1593957523659	OK	 
REQUEST	10		Get all Emp	1593957523653	1593957523661	OK	 
REQUEST	11		Get all Emp	1593957523653	1593957523663	OK	 
REQUEST	5		Get all Emp	1593957523651	1593957523663	OK	 
REQUEST	4		Get all Emp	1593957523657	1593957523668	OK	 
REQUEST	1		Get all Emp	1593957523663	1593957523668	OK	 
REQUEST	11		Get all Emp	1593957523663	1593957523669	OK	 
REQUEST	10		Get all Emp	1593957523661	1593957523672	OK	 
REQUEST	1		Get all Emp	1593957523669	1593957523675	OK	 
REQUEST	54		Get Specific Emp	1593957523824	1593957523833	OK	 
REQUEST	37		Get Specific Emp	1593957523874	1593957523880	OK	 
REQUEST	29		Get all Emp	1593957523865	1593957523883	OK	 
REQUEST	12		Get all Emp	1593957523882	1593957523890	OK	 
REQUEST	29		Get all Emp	1593957523883	1593957523894	OK	 
REQUEST	12		Get all Emp	1593957523890	1593957523906	OK	 
REQUEST	46		Get all Emp	1593957524333	1593957524347	OK	 
REQUEST	55		Get Specific Emp	1593957524342	1593957524348	OK	 
REQUEST	46		Get all Emp	1593957524347	1593957524355	OK	 
REQUEST	30		Get all Emp	1593957524374	1593957524381	OK	 
REQUEST	38		Get Specific Emp	1593957524374	1593957524382	OK	 
REQUEST	30		Get all Emp	1593957524382	1593957524398	OK	 
REQUEST	21		Get Specific Emp	1593957524393	1593957524400	OK	 
REQUEST	13		Get all Emp	1593957524404	1593957524422	OK	 
REQUEST	13		Get all Emp	1593957524422	1593957524427	OK	 
REQUEST	47		Get all Emp	1593957524844	1593957524862	OK	 
REQUEST	39		Get Specific Emp	1593957524852	1593957524870	OK	 
REQUEST	47		Get all Emp	1593957524863	1593957524880	OK	 
REQUEST	22		Get Specific Emp	1593957524884	1593957524896	OK	 
REQUEST	14		Get all Emp	1593957524902	1593957524914	OK	 
REQUEST	14		Get all Emp	1593957524915	1593957524922	OK	 
REQUEST	48		Get all Emp	1593957525353	1593957525367	OK	 
REQUEST	48		Get all Emp	1593957525367	1593957525379	OK	 
REQUEST	31		Get all Emp	1593957525373	1593957525387	OK	 
REQUEST	56		Get Specific Emp	1593957525382	1593957525391	OK	 
REQUEST	31		Get all Emp	1593957525387	1593957525394	OK	 
REQUEST	40		Get Specific Emp	1593957525415	1593957525425	OK	 
REQUEST	15		Get all Emp	1593957525415	1593957525427	OK	 
REQUEST	23		Get Specific Emp	1593957525423	1593957525437	OK	 
REQUEST	15		Get all Emp	1593957525427	1593957525441	OK	 
REQUEST	57		Get Specific Emp	1593957525835	1593957525841	OK	 
REQUEST	49		Get all Emp	1593957525835	1593957525844	OK	 
REQUEST	49		Get all Emp	1593957525845	1593957525851	OK	 
REQUEST	32		Get all Emp	1593957525862	1593957525867	OK	 
REQUEST	24		Get Specific Emp	1593957525862	1593957525868	OK	 
REQUEST	32		Get all Emp	1593957525867	1593957525876	OK	 
REQUEST	58		Get Specific Emp	1593957526344	1593957526354	OK	 
REQUEST	50		Get all Emp	1593957526344	1593957526355	OK	 
REQUEST	33		Get all Emp	1593957526352	1593957526361	OK	 
REQUEST	50		Get all Emp	1593957526355	1593957526366	OK	 
REQUEST	33		Get all Emp	1593957526363	1593957526372	OK	 
REQUEST	41		Get Specific Emp	1593957526364	1593957526373	OK	 
REQUEST	25		Get Specific Emp	1593957526382	1593957526390	OK	 
REQUEST	16		Get all Emp	1593957526382	1593957526390	OK	 
REQUEST	16		Get all Emp	1593957526390	1593957526398	OK	 
REQUEST	59		Get Specific Emp	1593957526843	1593957526851	OK	 
REQUEST	17		Get all Emp	1593957526863	1593957526875	OK	 
REQUEST	42		Get Specific Emp	1593957526874	1593957526879	OK	 
REQUEST	34		Get all Emp	1593957526874	1593957526880	OK	 
REQUEST	17		Get all Emp	1593957526875	1593957526886	OK	 
REQUEST	34		Get all Emp	1593957526880	1593957526887	OK	 
REQUEST	60		Get Specific Emp	1593957527332	1593957527338	OK	 
REQUEST	51		Get all Emp	1593957527343	1593957527346	OK	 
REQUEST	51		Get all Emp	1593957527346	1593957527353	OK	 
REQUEST	43		Get Specific Emp	1593957527352	1593957527359	OK	 
REQUEST	18		Get all Emp	1593957527373	1593957527380	OK	 
REQUEST	35		Get all Emp	1593957527373	1593957527384	OK	 
REQUEST	35		Get all Emp	1593957527384	1593957527395	OK	 
REQUEST	18		Get all Emp	1593957527382	1593957527395	OK	 
REQUEST	26		Get Specific Emp	1593957527393	1593957527403	OK	 
REQUEST	52		Get all Emp	1593957527852	1593957527867	OK	 
REQUEST	52		Get all Emp	1593957527868	1593957527880	OK	 
REQUEST	44		Get Specific Emp	1593957527872	1593957527883	OK	 
REQUEST	19		Get all Emp	1593957527872	1593957527884	OK	 
REQUEST	27		Get Specific Emp	1593957527882	1593957527889	OK	 
REQUEST	19		Get all Emp	1593957527884	1593957527896	OK	 
REQUEST	36		Get all Emp	1593957528388	1593957528420	OK	 
REQUEST	45		Get Specific Emp	1593957528388	1593957528420	OK	 
REQUEST	53		Get all Emp	1593957528388	1593957528425	OK	 
REQUEST	20		Get all Emp	1593957528392	1593957528428	OK	 
REQUEST	28		Get Specific Emp	1593957528404	1593957528431	OK	 
REQUEST	36		Get all Emp	1593957528421	1593957528434	OK	 
REQUEST	20		Get all Emp	1593957528428	1593957528443	OK	 
REQUEST	53		Get all Emp	1593957528426	1593957528446	OK	 
REQUEST	2		Get Specific Emp	1593957528644	1593957528653	OK	 
REQUEST	8		Get Specific Emp	1593957528652	1593957528658	OK	 
REQUEST	3		Get Specific Emp	1593957528652	1593957528667	OK	 
REQUEST	6		Get Specific Emp	1593957528652	1593957528672	OK	 
REQUEST	7		Get Specific Emp	1593957528652	1593957528676	OK	 
REQUEST	10		Get Specific Emp	1593957528662	1593957528680	OK	 
REQUEST	5		Get Specific Emp	1593957528662	1593957528685	OK	 
REQUEST	11		Get Specific Emp	1593957528674	1593957528687	OK	 
REQUEST	9		Get Specific Emp	1593957528662	1593957528694	OK	 
REQUEST	4		Get Specific Emp	1593957528662	1593957528697	OK	 
REQUEST	1		Get Specific Emp	1593957528674	1593957528700	OK	 
REQUEST	54		Get all Emp	1593957528844	1593957528852	OK	 
REQUEST	54		Get all Emp	1593957528852	1593957528863	OK	 
REQUEST	37		Get all Emp	1593957528872	1593957528881	OK	 
REQUEST	37		Get all Emp	1593957528882	1593957528892	OK	 
REQUEST	29		Get Specific Emp	1593957528902	1593957528911	OK	 
REQUEST	12		Get Specific Emp	1593957528913	1593957528924	OK	 
REQUEST	55		Get all Emp	1593957529342	1593957529358	OK	 
REQUEST	46		Get Specific Emp	1593957529352	1593957529361	OK	 
REQUEST	55		Get all Emp	1593957529358	1593957529366	OK	 
REQUEST	30		Get Specific Emp	1593957529382	1593957529399	OK	 
REQUEST	38		Get all Emp	1593957529382	1593957529400	OK	 
REQUEST	38		Get all Emp	1593957529400	1593957529406	OK	 
REQUEST	21		Get all Emp	1593957529402	1593957529410	OK	 
REQUEST	21		Get all Emp	1593957529410	1593957529417	OK	 
REQUEST	13		Get Specific Emp	1593957529423	1593957529434	OK	 
REQUEST	47		Get Specific Emp	1593957529882	1593957529901	OK	 
REQUEST	39		Get all Emp	1593957529882	1593957529904	OK	 
REQUEST	22		Get all Emp	1593957529892	1593957529915	OK	 
REQUEST	39		Get all Emp	1593957529904	1593957529916	OK	 
REQUEST	22		Get all Emp	1593957529915	1593957529923	OK	 
REQUEST	14		Get Specific Emp	1593957529924	1593957529937	OK	 
REQUEST	48		Get Specific Emp	1593957530373	1593957530380	OK	 
REQUEST	56		Get all Emp	1593957530392	1593957530399	OK	 
REQUEST	56		Get all Emp	1593957530400	1593957530406	OK	 
REQUEST	31		Get Specific Emp	1593957530403	1593957530409	OK	 
REQUEST	40		Get all Emp	1593957530423	1593957530435	OK	 
REQUEST	15		Get Specific Emp	1593957530432	1593957530438	OK	 
REQUEST	40		Get all Emp	1593957530435	1593957530442	OK	 
REQUEST	23		Get all Emp	1593957530444	1593957530458	OK	 
REQUEST	23		Get all Emp	1593957530459	1593957530466	OK	 
REQUEST	57		Get all Emp	1593957530834	1593957530847	OK	 
REQUEST	49		Get Specific Emp	1593957530842	1593957530852	OK	 
REQUEST	57		Get all Emp	1593957530847	1593957530859	OK	 
REQUEST	24		Get all Emp	1593957530872	1593957530883	OK	 
REQUEST	32		Get Specific Emp	1593957530882	1593957530889	OK	 
REQUEST	24		Get all Emp	1593957530883	1593957530893	OK	 
REQUEST	58		Get all Emp	1593957531352	1593957531365	OK	 
REQUEST	50		Get Specific Emp	1593957531363	1593957531369	OK	 
REQUEST	33		Get Specific Emp	1593957531363	1593957531371	OK	 
REQUEST	41		Get all Emp	1593957531363	1593957531375	OK	 
REQUEST	58		Get all Emp	1593957531365	1593957531378	OK	 
REQUEST	41		Get all Emp	1593957531376	1593957531386	OK	 
REQUEST	16		Get Specific Emp	1593957531393	1593957531403	OK	 
REQUEST	25		Get all Emp	1593957531394	1593957531407	OK	 
REQUEST	25		Get all Emp	1593957531408	1593957531412	OK	 
REQUEST	59		Get all Emp	1593957531843	1593957531855	OK	 
REQUEST	59		Get all Emp	1593957531855	1593957531871	OK	 
REQUEST	42		Get all Emp	1593957531874	1593957531884	OK	 
REQUEST	34		Get Specific Emp	1593957531882	1593957531889	OK	 
REQUEST	42		Get all Emp	1593957531884	1593957531895	OK	 
REQUEST	17		Get Specific Emp	1593957531893	1593957531903	OK	 
REQUEST	60		Get all Emp	1593957532342	1593957532356	OK	 
REQUEST	51		Get Specific Emp	1593957532353	1593957532369	OK	 
REQUEST	43		Get all Emp	1593957532352	1593957532369	OK	 
REQUEST	60		Get all Emp	1593957532356	1593957532374	OK	 
REQUEST	43		Get all Emp	1593957532369	1593957532379	OK	 
REQUEST	35		Get Specific Emp	1593957532392	1593957532402	OK	 
REQUEST	18		Get Specific Emp	1593957532402	1593957532412	OK	 
REQUEST	26		Get all Emp	1593957532402	1593957532414	OK	 
REQUEST	26		Get all Emp	1593957532414	1593957532420	OK	 
REQUEST	52		Get Specific Emp	1593957532873	1593957532884	OK	 
REQUEST	44		Get all Emp	1593957532882	1593957532893	OK	 
REQUEST	27		Get all Emp	1593957532882	1593957532897	OK	 
REQUEST	19		Get Specific Emp	1593957532893	1593957532907	OK	 
REQUEST	44		Get all Emp	1593957532893	1593957532911	OK	 
REQUEST	27		Get all Emp	1593957532897	1593957532913	OK	 
REQUEST	45		Get all Emp	1593957533395	1593957533408	OK	 
REQUEST	28		Get all Emp	1593957533404	1593957533411	OK	 
REQUEST	36		Get Specific Emp	1593957533412	1593957533416	OK	 
REQUEST	53		Get Specific Emp	1593957533412	1593957533417	OK	 
REQUEST	28		Get all Emp	1593957533412	1593957533418	OK	 
REQUEST	45		Get all Emp	1593957533408	1593957533420	OK	 
REQUEST	20		Get Specific Emp	1593957533435	1593957533444	OK	 
REQUEST	2		Get all Emp	1593957533665	1593957533674	OK	 
REQUEST	8		Get all Emp	1593957533665	1593957533676	OK	 
REQUEST	6		Get all Emp	1593957533673	1593957533683	OK	 
REQUEST	3		Get all Emp	1593957533673	1593957533687	OK	 
REQUEST	2		Get all Emp	1593957533674	1593957533687	OK	 
REQUEST	8		Get all Emp	1593957533676	1593957533691	OK	 
REQUEST	10		Get all Emp	1593957533682	1593957533696	OK	 
REQUEST	6		Get all Emp	1593957533684	1593957533698	OK	 
REQUEST	5		Get all Emp	1593957533682	1593957533699	OK	 
REQUEST	11		Get all Emp	1593957533682	1593957533700	OK	 
REQUEST	7		Get all Emp	1593957533682	1593957533700	OK	 
REQUEST	3		Get all Emp	1593957533687	1593957533704	OK	 
REQUEST	11		Get all Emp	1593957533700	1593957533706	OK	 
REQUEST	10		Get all Emp	1593957533697	1593957533706	OK	 
REQUEST	1		Get all Emp	1593957533692	1593957533708	OK	 
REQUEST	5		Get all Emp	1593957533700	1593957533709	OK	 
REQUEST	9		Get all Emp	1593957533692	1593957533709	OK	 
REQUEST	4		Get all Emp	1593957533703	1593957533710	OK	 
REQUEST	7		Get all Emp	1593957533700	1593957533711	OK	 
REQUEST	1		Get all Emp	1593957533708	1593957533715	OK	 
REQUEST	9		Get all Emp	1593957533709	1593957533715	OK	 
REQUEST	4		Get all Emp	1593957533710	1593957533719	OK	 
REQUEST	54		Get Specific Emp	1593957533864	1593957533879	OK	 
REQUEST	29		Get all Emp	1593957533902	1593957533908	OK	 
REQUEST	37		Get Specific Emp	1593957533902	1593957533909	OK	 
REQUEST	29		Get all Emp	1593957533908	1593957533921	OK	 
REQUEST	12		Get all Emp	1593957533923	1593957533932	OK	 
REQUEST	12		Get all Emp	1593957533932	1593957533942	OK	 
REQUEST	46		Get all Emp	1593957534364	1593957534370	OK	 
REQUEST	55		Get Specific Emp	1593957534372	1593957534377	OK	 
REQUEST	46		Get all Emp	1593957534370	1593957534379	OK	 
REQUEST	38		Get Specific Emp	1593957534405	1593957534413	OK	 
REQUEST	30		Get all Emp	1593957534405	1593957534415	OK	 
REQUEST	21		Get Specific Emp	1593957534412	1593957534417	OK	 
REQUEST	30		Get all Emp	1593957534416	1593957534422	OK	 
REQUEST	13		Get all Emp	1593957534432	1593957534439	OK	 
REQUEST	13		Get all Emp	1593957534439	1593957534444	OK	 
REQUEST	47		Get all Emp	1593957534902	1593957534921	OK	 
REQUEST	39		Get Specific Emp	1593957534914	1593957534925	OK	 
REQUEST	47		Get all Emp	1593957534922	1593957534933	OK	 
REQUEST	14		Get all Emp	1593957534932	1593957534948	OK	 
REQUEST	22		Get Specific Emp	1593957534932	1593957534949	OK	 
REQUEST	14		Get all Emp	1593957534948	1593957534966	OK	 
REQUEST	48		Get all Emp	1593957535384	1593957535391	OK	 
REQUEST	48		Get all Emp	1593957535391	1593957535404	OK	 
REQUEST	31		Get all Emp	1593957535402	1593957535407	OK	 
REQUEST	31		Get all Emp	1593957535408	1593957535412	OK	 
REQUEST	56		Get Specific Emp	1593957535412	1593957535418	OK	 
REQUEST	40		Get Specific Emp	1593957535442	1593957535450	OK	 
REQUEST	15		Get all Emp	1593957535442	1593957535453	OK	 
REQUEST	15		Get all Emp	1593957535453	1593957535457	OK	 
REQUEST	23		Get Specific Emp	1593957535462	1593957535468	OK	 
REQUEST	57		Get Specific Emp	1593957535863	1593957535870	OK	 
REQUEST	49		Get all Emp	1593957535863	1593957535873	OK	 
REQUEST	49		Get all Emp	1593957535873	1593957535882	OK	 
REQUEST	32		Get all Emp	1593957535881	1593957535889	OK	 
REQUEST	32		Get all Emp	1593957535890	1593957535899	OK	 
REQUEST	24		Get Specific Emp	1593957535904	1593957535912	OK	 
REQUEST	58		Get Specific Emp	1593957536374	1593957536381	OK	 
REQUEST	50		Get all Emp	1593957536374	1593957536382	OK	 
REQUEST	33		Get all Emp	1593957536374	1593957536382	OK	 
REQUEST	33		Get all Emp	1593957536382	1593957536390	OK	 
REQUEST	50		Get all Emp	1593957536382	1593957536390	OK	 
REQUEST	41		Get Specific Emp	1593957536392	1593957536397	OK	 
REQUEST	16		Get all Emp	1593957536404	1593957536410	OK	 
REQUEST	16		Get all Emp	1593957536410	1593957536413	OK	 
REQUEST	25		Get Specific Emp	1593957536422	1593957536427	OK	 
REQUEST	59		Get Specific Emp	1593957536873	1593957536882	OK	 
REQUEST	34		Get all Emp	1593957536882	1593957536888	OK	 
REQUEST	34		Get all Emp	1593957536889	1593957536895	OK	 
REQUEST	42		Get Specific Emp	1593957536905	1593957536913	OK	 
REQUEST	17		Get all Emp	1593957536905	1593957536913	OK	 
REQUEST	17		Get all Emp	1593957536913	1593957536922	OK	 
REQUEST	51		Get all Emp	1593957537362	1593957537368	OK	 
REQUEST	51		Get all Emp	1593957537368	1593957537376	OK	 
REQUEST	60		Get Specific Emp	1593957537373	1593957537378	OK	 
REQUEST	43		Get Specific Emp	1593957537384	1593957537389	OK	 
REQUEST	35		Get all Emp	1593957537393	1593957537397	OK	 
REQUEST	35		Get all Emp	1593957537397	1593957537403	OK	 
REQUEST	18		Get all Emp	1593957537402	1593957537406	OK	 
REQUEST	18		Get all Emp	1593957537407	1593957537412	OK	 
REQUEST	26		Get Specific Emp	1593957537412	1593957537418	OK	 
REQUEST	52		Get all Emp	1593957537892	1593957537901	OK	 
REQUEST	52		Get all Emp	1593957537901	1593957537909	OK	 
REQUEST	44		Get Specific Emp	1593957537903	1593957537912	OK	 
REQUEST	19		Get all Emp	1593957537915	1593957537924	OK	 
REQUEST	27		Get Specific Emp	1593957537923	1593957537931	OK	 
REQUEST	19		Get all Emp	1593957537924	1593957537933	OK	 
